<?xml version="1.0" encoding="UTF-8"?>
<testsuite xmlns:xsi="http://www.w3.org/2001/XMLSchema-instance" xsi:noNamespaceSchemaLocation="https://maven.apache.org/surefire/maven-surefire-plugin/xsd/surefire-test-report.xsd" name="pt.ist.socialsoftware.edition.ldod.recommendation.ReadingRecommendationPerformanceTest" time="0.001" tests="1" errors="1" skipped="0" failures="0">
  <properties>
    <property name="java.specification.version" value="17"/>
    <property name="sun.jnu.encoding" value="UTF-8"/>
    <property name="java.class.path" value="/home/raimundo/Documents/thesis/edition/edition/edition-ldod/target/test-classes:/home/raimundo/Documents/thesis/edition/edition/edition-ldod/target/classes:/home/raimundo/.m2/repository/org/twitter4j/twitter4j-core/4.0.7/twitter4j-core-4.0.7.jar:/home/raimundo/.m2/repository/org/json/json/20180813/json-20180813.jar:/home/raimundo/.m2/repository/com/googlecode/json-simple/json-simple/1.1.1/json-simple-1.1.1.jar:/home/raimundo/.m2/repository/junit/junit/4.13.2/junit-4.13.2.jar:/home/raimundo/.m2/repository/org/springframework/boot/spring-boot-starter-web/2.3.12.RELEASE/spring-boot-starter-web-2.3.12.RELEASE.jar:/home/raimundo/.m2/repository/org/springframework/boot/spring-boot-starter/2.3.12.RELEASE/spring-boot-starter-2.3.12.RELEASE.jar:/home/raimundo/.m2/repository/org/springframework/boot/spring-boot/2.3.12.RELEASE/spring-boot-2.3.12.RELEASE.jar:/home/raimundo/.m2/repository/org/springframework/boot/spring-boot-autoconfigure/2.3.12.RELEASE/spring-boot-autoconfigure-2.3.12.RELEASE.jar:/home/raimundo/.m2/repository/org/springframework/boot/spring-boot-starter-logging/2.3.12.RELEASE/spring-boot-starter-logging-2.3.12.RELEASE.jar:/home/raimundo/.m2/repository/org/apache/logging/log4j/log4j-to-slf4j/2.13.3/log4j-to-slf4j-2.13.3.jar:/home/raimundo/.m2/repository/org/apache/logging/log4j/log4j-api/2.13.3/log4j-api-2.13.3.jar:/home/raimundo/.m2/repository/org/slf4j/jul-to-slf4j/1.7.30/jul-to-slf4j-1.7.30.jar:/home/raimundo/.m2/repository/org/yaml/snakeyaml/1.26/snakeyaml-1.26.jar:/home/raimundo/.m2/repository/org/springframework/boot/spring-boot-starter-json/2.3.12.RELEASE/spring-boot-starter-json-2.3.12.RELEASE.jar:/home/raimundo/.m2/repository/com/fasterxml/jackson/datatype/jackson-datatype-jdk8/2.11.4/jackson-datatype-jdk8-2.11.4.jar:/home/raimundo/.m2/repository/com/fasterxml/jackson/datatype/jackson-datatype-jsr310/2.11.4/jackson-datatype-jsr310-2.11.4.jar:/home/raimundo/.m2/repository/com/fasterxml/jackson/module/jackson-module-parameter-names/2.11.4/jackson-module-parameter-names-2.11.4.jar:/home/raimundo/.m2/repository/org/springframework/spring-web/5.2.15.RELEASE/spring-web-5.2.15.RELEASE.jar:/home/raimundo/.m2/repository/org/springframework/spring-webmvc/5.2.15.RELEASE/spring-webmvc-5.2.15.RELEASE.jar:/home/raimundo/.m2/repository/org/springframework/boot/spring-boot-starter-validation/2.3.12.RELEASE/spring-boot-starter-validation-2.3.12.RELEASE.jar:/home/raimundo/.m2/repository/org/glassfish/jakarta.el/3.0.3/jakarta.el-3.0.3.jar:/home/raimundo/.m2/repository/org/hibernate/validator/hibernate-validator/6.1.7.Final/hibernate-validator-6.1.7.Final.jar:/home/raimundo/.m2/repository/jakarta/validation/jakarta.validation-api/2.0.2/jakarta.validation-api-2.0.2.jar:/home/raimundo/.m2/repository/org/jboss/logging/jboss-logging/3.4.2.Final/jboss-logging-3.4.2.Final.jar:/home/raimundo/.m2/repository/com/fasterxml/classmate/1.5.1/classmate-1.5.1.jar:/home/raimundo/.m2/repository/org/springframework/boot/spring-boot-starter-websocket/2.3.12.RELEASE/spring-boot-starter-websocket-2.3.12.RELEASE.jar:/home/raimundo/.m2/repository/org/springframework/spring-messaging/5.2.15.RELEASE/spring-messaging-5.2.15.RELEASE.jar:/home/raimundo/.m2/repository/org/springframework/spring-websocket/5.2.15.RELEASE/spring-websocket-5.2.15.RELEASE.jar:/home/raimundo/.m2/repository/org/springframework/boot/spring-boot-starter-security/2.3.12.RELEASE/spring-boot-starter-security-2.3.12.RELEASE.jar:/home/raimundo/.m2/repository/org/springframework/spring-aop/5.2.15.RELEASE/spring-aop-5.2.15.RELEASE.jar:/home/raimundo/.m2/repository/org/springframework/security/spring-security-config/5.3.9.RELEASE/spring-security-config-5.3.9.RELEASE.jar:/home/raimundo/.m2/repository/org/springframework/security/spring-security-web/5.3.9.RELEASE/spring-security-web-5.3.9.RELEASE.jar:/home/raimundo/.m2/repository/org/springframework/boot/spring-boot-starter-tomcat/2.3.12.RELEASE/spring-boot-starter-tomcat-2.3.12.RELEASE.jar:/home/raimundo/.m2/repository/jakarta/annotation/jakarta.annotation-api/1.3.5/jakarta.annotation-api-1.3.5.jar:/home/raimundo/.m2/repository/org/apache/tomcat/embed/tomcat-embed-core/9.0.46/tomcat-embed-core-9.0.46.jar:/home/raimundo/.m2/repository/org/apache/tomcat/embed/tomcat-embed-websocket/9.0.46/tomcat-embed-websocket-9.0.46.jar:/home/raimundo/.m2/repository/org/apache/tomcat/embed/tomcat-embed-jasper/9.0.46/tomcat-embed-jasper-9.0.46.jar:/home/raimundo/.m2/repository/org/apache/tomcat/embed/tomcat-embed-el/9.0.46/tomcat-embed-el-9.0.46.jar:/home/raimundo/.m2/repository/org/eclipse/jdt/ecj/3.18.0/ecj-3.18.0.jar:/home/raimundo/.m2/repository/javax/servlet/jstl/1.2/jstl-1.2.jar:/home/raimundo/.m2/repository/org/springframework/boot/spring-boot-starter-test/2.3.12.RELEASE/spring-boot-starter-test-2.3.12.RELEASE.jar:/home/raimundo/.m2/repository/org/springframework/boot/spring-boot-test/2.3.12.RELEASE/spring-boot-test-2.3.12.RELEASE.jar:/home/raimundo/.m2/repository/org/springframework/boot/spring-boot-test-autoconfigure/2.3.12.RELEASE/spring-boot-test-autoconfigure-2.3.12.RELEASE.jar:/home/raimundo/.m2/repository/jakarta/xml/bind/jakarta.xml.bind-api/2.3.3/jakarta.xml.bind-api-2.3.3.jar:/home/raimundo/.m2/repository/jakarta/activation/jakarta.activation-api/1.2.2/jakarta.activation-api-1.2.2.jar:/home/raimundo/.m2/repository/org/assertj/assertj-core/3.16.1/assertj-core-3.16.1.jar:/home/raimundo/.m2/repository/org/hamcrest/hamcrest/2.2/hamcrest-2.2.jar:/home/raimundo/.m2/repository/org/junit/jupiter/junit-jupiter/5.6.3/junit-jupiter-5.6.3.jar:/home/raimundo/.m2/repository/org/junit/jupiter/junit-jupiter-params/5.6.3/junit-jupiter-params-5.6.3.jar:/home/raimundo/.m2/repository/org/junit/vintage/junit-vintage-engine/5.6.3/junit-vintage-engine-5.6.3.jar:/home/raimundo/.m2/repository/org/mockito/mockito-junit-jupiter/3.3.3/mockito-junit-jupiter-3.3.3.jar:/home/raimundo/.m2/repository/org/skyscreamer/jsonassert/1.5.0/jsonassert-1.5.0.jar:/home/raimundo/.m2/repository/com/vaadin/external/google/android-json/0.0.20131108.vaadin1/android-json-0.0.20131108.vaadin1.jar:/home/raimundo/.m2/repository/org/springframework/spring-core/5.2.15.RELEASE/spring-core-5.2.15.RELEASE.jar:/home/raimundo/.m2/repository/org/springframework/spring-jcl/5.2.15.RELEASE/spring-jcl-5.2.15.RELEASE.jar:/home/raimundo/.m2/repository/org/springframework/spring-test/5.2.15.RELEASE/spring-test-5.2.15.RELEASE.jar:/home/raimundo/.m2/repository/org/xmlunit/xmlunit-core/2.7.0/xmlunit-core-2.7.0.jar:/home/raimundo/.m2/repository/org/springframework/security/spring-security-taglibs/5.3.9.RELEASE/spring-security-taglibs-5.3.9.RELEASE.jar:/home/raimundo/.m2/repository/org/springframework/security/spring-security-acl/5.3.9.RELEASE/spring-security-acl-5.3.9.RELEASE.jar:/home/raimundo/.m2/repository/org/springframework/spring-jdbc/5.2.15.RELEASE/spring-jdbc-5.2.15.RELEASE.jar:/home/raimundo/.m2/repository/org/springframework/spring-tx/5.2.15.RELEASE/spring-tx-5.2.15.RELEASE.jar:/home/raimundo/.m2/repository/org/springframework/security/spring-security-core/5.3.9.RELEASE/spring-security-core-5.3.9.RELEASE.jar:/home/raimundo/.m2/repository/org/springframework/spring-beans/5.2.15.RELEASE/spring-beans-5.2.15.RELEASE.jar:/home/raimundo/.m2/repository/org/springframework/spring-context/5.2.15.RELEASE/spring-context-5.2.15.RELEASE.jar:/home/raimundo/.m2/repository/org/springframework/spring-expression/5.2.15.RELEASE/spring-expression-5.2.15.RELEASE.jar:/home/raimundo/.m2/repository/org/springframework/security/spring-security-test/5.3.9.RELEASE/spring-security-test-5.3.9.RELEASE.jar:/home/raimundo/.m2/repository/org/springframework/boot/spring-boot-starter-actuator/2.3.12.RELEASE/spring-boot-starter-actuator-2.3.12.RELEASE.jar:/home/raimundo/.m2/repository/org/springframework/boot/spring-boot-actuator-autoconfigure/2.3.12.RELEASE/spring-boot-actuator-autoconfigure-2.3.12.RELEASE.jar:/home/raimundo/.m2/repository/org/springframework/boot/spring-boot-actuator/2.3.12.RELEASE/spring-boot-actuator-2.3.12.RELEASE.jar:/home/raimundo/.m2/repository/io/micrometer/micrometer-core/1.5.14/micrometer-core-1.5.14.jar:/home/raimundo/.m2/repository/org/hdrhistogram/HdrHistogram/2.1.12/HdrHistogram-2.1.12.jar:/home/raimundo/.m2/repository/org/latencyutils/LatencyUtils/2.0.3/LatencyUtils-2.0.3.jar:/home/raimundo/.m2/repository/org/springframework/social/spring-social-core/1.1.6.RELEASE/spring-social-core-1.1.6.RELEASE.jar:/home/raimundo/.m2/repository/org/springframework/social/spring-social-security/1.1.6.RELEASE/spring-social-security-1.1.6.RELEASE.jar:/home/raimundo/.m2/repository/org/springframework/social/spring-social-web/1.1.6.RELEASE/spring-social-web-1.1.6.RELEASE.jar:/home/raimundo/.m2/repository/javax/inject/javax.inject/1/javax.inject-1.jar:/home/raimundo/.m2/repository/org/springframework/social/spring-social-config/1.1.6.RELEASE/spring-social-config-1.1.6.RELEASE.jar:/home/raimundo/.m2/repository/org/springframework/social/spring-social-facebook/2.0.3.RELEASE/spring-social-facebook-2.0.3.RELEASE.jar:/home/raimundo/.m2/repository/com/fasterxml/jackson/core/jackson-core/2.11.4/jackson-core-2.11.4.jar:/home/raimundo/.m2/repository/com/fasterxml/jackson/core/jackson-databind/2.11.4/jackson-databind-2.11.4.jar:/home/raimundo/.m2/repository/com/fasterxml/jackson/core/jackson-annotations/2.11.4/jackson-annotations-2.11.4.jar:/home/raimundo/.m2/repository/org/springframework/social/spring-social-twitter/1.1.2.RELEASE/spring-social-twitter-1.1.2.RELEASE.jar:/home/raimundo/.m2/repository/org/springframework/security/spring-security-crypto/5.3.9.RELEASE/spring-security-crypto-5.3.9.RELEASE.jar:/home/raimundo/.m2/repository/org/springframework/social/spring-social-linkedin/1.0.2.RELEASE/spring-social-linkedin-1.0.2.RELEASE.jar:/home/raimundo/.m2/repository/org/springframework/social/spring-social-google/1.0.0.RELEASE/spring-social-google-1.0.0.RELEASE.jar:/home/raimundo/.m2/repository/io/jsonwebtoken/jjwt/0.9.0/jjwt-0.9.0.jar:/home/raimundo/.m2/repository/org/webjars/bootstrap/3.3.7-1/bootstrap-3.3.7-1.jar:/home/raimundo/.m2/repository/org/webjars/jquery/1.11.3/jquery-1.11.3.jar:/home/raimundo/.m2/repository/org/junit/jupiter/junit-jupiter-engine/5.6.3/junit-jupiter-engine-5.6.3.jar:/home/raimundo/.m2/repository/org/apiguardian/apiguardian-api/1.1.0/apiguardian-api-1.1.0.jar:/home/raimundo/.m2/repository/org/junit/platform/junit-platform-engine/1.6.3/junit-platform-engine-1.6.3.jar:/home/raimundo/.m2/repository/org/junit/jupiter/junit-jupiter-api/5.6.3/junit-jupiter-api-5.6.3.jar:/home/raimundo/.m2/repository/org/opentest4j/opentest4j/1.2.0/opentest4j-1.2.0.jar:/home/raimundo/.m2/repository/org/junit/platform/junit-platform-commons/1.6.3/junit-platform-commons-1.6.3.jar:/home/raimundo/.m2/repository/org/mockito/mockito-core/2.22.0/mockito-core-2.22.0.jar:/home/raimundo/.m2/repository/net/bytebuddy/byte-buddy-agent/1.10.22/byte-buddy-agent-1.10.22.jar:/home/raimundo/.m2/repository/org/spockframework/spock-core/1.2-groovy-2.4/spock-core-1.2-groovy-2.4.jar:/home/raimundo/.m2/repository/org/codehaus/groovy/groovy-all/2.4.15/groovy-all-2.4.15.jar:/home/raimundo/.m2/repository/net/bytebuddy/byte-buddy/1.8.21/byte-buddy-1.8.21.jar:/home/raimundo/.m2/repository/org/objenesis/objenesis/2.6/objenesis-2.6.jar:/home/raimundo/.m2/repository/org/hamcrest/hamcrest-core/1.3/hamcrest-core-1.3.jar:/home/raimundo/.m2/repository/org/jgroups/jgroups/4.0.17.Final/jgroups-4.0.17.Final.jar:/home/raimundo/.m2/repository/javax/mail/javax.mail-api/1.6.2/javax.mail-api-1.6.2.jar:/home/raimundo/.m2/repository/com/sun/mail/javax.mail/1.6.2/javax.mail-1.6.2.jar:/home/raimundo/.m2/repository/javax/activation/activation/1.1/activation-1.1.jar:/home/raimundo/.m2/repository/com/jayway/jsonpath/json-path/2.4.0/json-path-2.4.0.jar:/home/raimundo/.m2/repository/net/minidev/json-smart/2.3.1/json-smart-2.3.1.jar:/home/raimundo/.m2/repository/net/minidev/accessors-smart/2.3.1/accessors-smart-2.3.1.jar:/home/raimundo/.m2/repository/org/ow2/asm/asm/5.0.4/asm-5.0.4.jar:/home/raimundo/.m2/repository/javax/servlet/javax.servlet-api/4.0.1/javax.servlet-api-4.0.1.jar:/home/raimundo/.m2/repository/commons-lang/commons-lang/2.6/commons-lang-2.6.jar:/home/raimundo/.m2/repository/jaxen/jaxen/1.2.0/jaxen-1.2.0.jar:/home/raimundo/.m2/repository/org/jdom/jdom2/2.0.6/jdom2-2.0.6.jar:/home/raimundo/.m2/repository/commons-fileupload/commons-fileupload/1.3.3/commons-fileupload-1.3.3.jar:/home/raimundo/.m2/repository/commons-io/commons-io/2.7/commons-io-2.7.jar:/home/raimundo/.m2/repository/pt/ist/fenix-framework-core-api/2.8.0/fenix-framework-core-api-2.8.0.jar:/home/raimundo/.m2/repository/pt/ist/fenix-framework-core-dml/2.8.0/fenix-framework-core-dml-2.8.0.jar:/home/raimundo/.m2/repository/antlr/antlr/2.7.7/antlr-2.7.7.jar:/home/raimundo/.m2/repository/joda-time/joda-time/2.10.5/joda-time-2.10.5.jar:/home/raimundo/.m2/repository/com/google/code/gson/gson/2.8.7/gson-2.8.7.jar:/home/raimundo/.m2/repository/javax/transaction/jta/1.1/jta-1.1.jar:/home/raimundo/.m2/repository/pt/ist/esw/advice-runtime/1.9/advice-runtime-1.9.jar:/home/raimundo/.m2/repository/javax/xml/bind/jaxb-api/2.3.1/jaxb-api-2.3.1.jar:/home/raimundo/.m2/repository/javax/activation/javax.activation-api/1.2.0/javax.activation-api-1.2.0.jar:/home/raimundo/.m2/repository/pt/ist/fenix-framework-core-consistency-predicates/2.8.0/fenix-framework-core-consistency-predicates-2.8.0.jar:/home/raimundo/.m2/repository/jvstm/jvstm-fenix/1.4/jvstm-fenix-1.4.jar:/home/raimundo/.m2/repository/pt/ist/fenix-framework-core-adt-bplustree/2.8.0/fenix-framework-core-adt-bplustree-2.8.0.jar:/home/raimundo/.m2/repository/pt/ist/fenix-framework-backend-jvstm-ojb-runtime/2.8.0/fenix-framework-backend-jvstm-ojb-runtime-2.8.0.jar:/home/raimundo/.m2/repository/pt/ist/db-ojb/1.0.0-escaped/db-ojb-1.0.0-escaped.jar:/home/raimundo/.m2/repository/commons-pool/commons-pool/1.6/commons-pool-1.6.jar:/home/raimundo/.m2/repository/mysql/mysql-connector-java/5.1.49/mysql-connector-java-5.1.49.jar:/home/raimundo/.m2/repository/org/slf4j/slf4j-api/1.7.30/slf4j-api-1.7.30.jar:/home/raimundo/.m2/repository/ch/qos/logback/logback-classic/1.2.3/logback-classic-1.2.3.jar:/home/raimundo/.m2/repository/ch/qos/logback/logback-core/1.2.3/logback-core-1.2.3.jar:/home/raimundo/.m2/repository/cc/mallet/mallet/2.0.8/mallet-2.0.8.jar:/home/raimundo/.m2/repository/org/beanshell/bsh/2.0b4/bsh-2.0b4.jar:/home/raimundo/.m2/repository/jgrapht/jgrapht/0.6.0/jgrapht-0.6.0.jar:/home/raimundo/.m2/repository/net/sf/jwordnet/jwnl/1.4_rc3/jwnl-1.4_rc3.jar:/home/raimundo/.m2/repository/commons-logging/commons-logging/1.1.1/commons-logging-1.1.1.jar:/home/raimundo/.m2/repository/net/sf/trove4j/trove4j/2.0.2/trove4j-2.0.2.jar:/home/raimundo/.m2/repository/com/googlecode/matrix-toolkits-java/mtj/0.9.14/mtj-0.9.14.jar:/home/raimundo/.m2/repository/com/googlecode/netlib-java/netlib-java/0.9.3/netlib-java-0.9.3.jar:/home/raimundo/.m2/repository/net/sourceforge/f2j/arpack_combined_all/0.1/arpack_combined_all-0.1.jar:/home/raimundo/.m2/repository/org/jdom/jdom/1.1/jdom-1.1.jar:/home/raimundo/.m2/repository/org/apache/lucene/lucene-core/7.5.0/lucene-core-7.5.0.jar:/home/raimundo/.m2/repository/org/apache/lucene/lucene-analyzers-common/7.5.0/lucene-analyzers-common-7.5.0.jar:/home/raimundo/.m2/repository/org/apache/lucene/lucene-queryparser/7.5.0/lucene-queryparser-7.5.0.jar:/home/raimundo/.m2/repository/org/apache/lucene/lucene-queries/7.5.0/lucene-queries-7.5.0.jar:/home/raimundo/.m2/repository/org/apache/lucene/lucene-sandbox/7.5.0/lucene-sandbox-7.5.0.jar:/home/raimundo/.m2/repository/org/jblas/jblas/1.2.4/jblas-1.2.4.jar:"/>
    <property name="java.vm.vendor" value="Oracle Corporation"/>
    <property name="sun.arch.data.model" value="64"/>
    <property name="java.vendor.url" value="https://java.oracle.com/"/>
    <property name="user.country.format" value="PT"/>
    <property name="os.name" value="Linux"/>
    <property name="java.vm.specification.version" value="17"/>
    <property name="sun.java.launcher" value="SUN_STANDARD"/>
    <property name="user.country" value="US"/>
    <property name="sun.boot.library.path" value="/usr/lib/jvm/java-17-oracle/lib"/>
    <property name="sun.java.command" value="/home/raimundo/Documents/thesis/edition/edition/edition-ldod/target/surefire/surefirebooter17444796946949596164.jar /home/raimundo/Documents/thesis/edition/edition/edition-ldod/target/surefire 2022-07-05T22-10-47_857-jvmRun1 surefire6975458756448077721tmp surefire_014421269254914294680tmp"/>
    <property name="jdk.debug" value="release"/>
    <property name="surefire.test.class.path" value="/home/raimundo/Documents/thesis/edition/edition/edition-ldod/target/test-classes:/home/raimundo/Documents/thesis/edition/edition/edition-ldod/target/classes:/home/raimundo/.m2/repository/org/twitter4j/twitter4j-core/4.0.7/twitter4j-core-4.0.7.jar:/home/raimundo/.m2/repository/org/json/json/20180813/json-20180813.jar:/home/raimundo/.m2/repository/com/googlecode/json-simple/json-simple/1.1.1/json-simple-1.1.1.jar:/home/raimundo/.m2/repository/junit/junit/4.13.2/junit-4.13.2.jar:/home/raimundo/.m2/repository/org/springframework/boot/spring-boot-starter-web/2.3.12.RELEASE/spring-boot-starter-web-2.3.12.RELEASE.jar:/home/raimundo/.m2/repository/org/springframework/boot/spring-boot-starter/2.3.12.RELEASE/spring-boot-starter-2.3.12.RELEASE.jar:/home/raimundo/.m2/repository/org/springframework/boot/spring-boot/2.3.12.RELEASE/spring-boot-2.3.12.RELEASE.jar:/home/raimundo/.m2/repository/org/springframework/boot/spring-boot-autoconfigure/2.3.12.RELEASE/spring-boot-autoconfigure-2.3.12.RELEASE.jar:/home/raimundo/.m2/repository/org/springframework/boot/spring-boot-starter-logging/2.3.12.RELEASE/spring-boot-starter-logging-2.3.12.RELEASE.jar:/home/raimundo/.m2/repository/org/apache/logging/log4j/log4j-to-slf4j/2.13.3/log4j-to-slf4j-2.13.3.jar:/home/raimundo/.m2/repository/org/apache/logging/log4j/log4j-api/2.13.3/log4j-api-2.13.3.jar:/home/raimundo/.m2/repository/org/slf4j/jul-to-slf4j/1.7.30/jul-to-slf4j-1.7.30.jar:/home/raimundo/.m2/repository/org/yaml/snakeyaml/1.26/snakeyaml-1.26.jar:/home/raimundo/.m2/repository/org/springframework/boot/spring-boot-starter-json/2.3.12.RELEASE/spring-boot-starter-json-2.3.12.RELEASE.jar:/home/raimundo/.m2/repository/com/fasterxml/jackson/datatype/jackson-datatype-jdk8/2.11.4/jackson-datatype-jdk8-2.11.4.jar:/home/raimundo/.m2/repository/com/fasterxml/jackson/datatype/jackson-datatype-jsr310/2.11.4/jackson-datatype-jsr310-2.11.4.jar:/home/raimundo/.m2/repository/com/fasterxml/jackson/module/jackson-module-parameter-names/2.11.4/jackson-module-parameter-names-2.11.4.jar:/home/raimundo/.m2/repository/org/springframework/spring-web/5.2.15.RELEASE/spring-web-5.2.15.RELEASE.jar:/home/raimundo/.m2/repository/org/springframework/spring-webmvc/5.2.15.RELEASE/spring-webmvc-5.2.15.RELEASE.jar:/home/raimundo/.m2/repository/org/springframework/boot/spring-boot-starter-validation/2.3.12.RELEASE/spring-boot-starter-validation-2.3.12.RELEASE.jar:/home/raimundo/.m2/repository/org/glassfish/jakarta.el/3.0.3/jakarta.el-3.0.3.jar:/home/raimundo/.m2/repository/org/hibernate/validator/hibernate-validator/6.1.7.Final/hibernate-validator-6.1.7.Final.jar:/home/raimundo/.m2/repository/jakarta/validation/jakarta.validation-api/2.0.2/jakarta.validation-api-2.0.2.jar:/home/raimundo/.m2/repository/org/jboss/logging/jboss-logging/3.4.2.Final/jboss-logging-3.4.2.Final.jar:/home/raimundo/.m2/repository/com/fasterxml/classmate/1.5.1/classmate-1.5.1.jar:/home/raimundo/.m2/repository/org/springframework/boot/spring-boot-starter-websocket/2.3.12.RELEASE/spring-boot-starter-websocket-2.3.12.RELEASE.jar:/home/raimundo/.m2/repository/org/springframework/spring-messaging/5.2.15.RELEASE/spring-messaging-5.2.15.RELEASE.jar:/home/raimundo/.m2/repository/org/springframework/spring-websocket/5.2.15.RELEASE/spring-websocket-5.2.15.RELEASE.jar:/home/raimundo/.m2/repository/org/springframework/boot/spring-boot-starter-security/2.3.12.RELEASE/spring-boot-starter-security-2.3.12.RELEASE.jar:/home/raimundo/.m2/repository/org/springframework/spring-aop/5.2.15.RELEASE/spring-aop-5.2.15.RELEASE.jar:/home/raimundo/.m2/repository/org/springframework/security/spring-security-config/5.3.9.RELEASE/spring-security-config-5.3.9.RELEASE.jar:/home/raimundo/.m2/repository/org/springframework/security/spring-security-web/5.3.9.RELEASE/spring-security-web-5.3.9.RELEASE.jar:/home/raimundo/.m2/repository/org/springframework/boot/spring-boot-starter-tomcat/2.3.12.RELEASE/spring-boot-starter-tomcat-2.3.12.RELEASE.jar:/home/raimundo/.m2/repository/jakarta/annotation/jakarta.annotation-api/1.3.5/jakarta.annotation-api-1.3.5.jar:/home/raimundo/.m2/repository/org/apache/tomcat/embed/tomcat-embed-core/9.0.46/tomcat-embed-core-9.0.46.jar:/home/raimundo/.m2/repository/org/apache/tomcat/embed/tomcat-embed-websocket/9.0.46/tomcat-embed-websocket-9.0.46.jar:/home/raimundo/.m2/repository/org/apache/tomcat/embed/tomcat-embed-jasper/9.0.46/tomcat-embed-jasper-9.0.46.jar:/home/raimundo/.m2/repository/org/apache/tomcat/embed/tomcat-embed-el/9.0.46/tomcat-embed-el-9.0.46.jar:/home/raimundo/.m2/repository/org/eclipse/jdt/ecj/3.18.0/ecj-3.18.0.jar:/home/raimundo/.m2/repository/javax/servlet/jstl/1.2/jstl-1.2.jar:/home/raimundo/.m2/repository/org/springframework/boot/spring-boot-starter-test/2.3.12.RELEASE/spring-boot-starter-test-2.3.12.RELEASE.jar:/home/raimundo/.m2/repository/org/springframework/boot/spring-boot-test/2.3.12.RELEASE/spring-boot-test-2.3.12.RELEASE.jar:/home/raimundo/.m2/repository/org/springframework/boot/spring-boot-test-autoconfigure/2.3.12.RELEASE/spring-boot-test-autoconfigure-2.3.12.RELEASE.jar:/home/raimundo/.m2/repository/jakarta/xml/bind/jakarta.xml.bind-api/2.3.3/jakarta.xml.bind-api-2.3.3.jar:/home/raimundo/.m2/repository/jakarta/activation/jakarta.activation-api/1.2.2/jakarta.activation-api-1.2.2.jar:/home/raimundo/.m2/repository/org/assertj/assertj-core/3.16.1/assertj-core-3.16.1.jar:/home/raimundo/.m2/repository/org/hamcrest/hamcrest/2.2/hamcrest-2.2.jar:/home/raimundo/.m2/repository/org/junit/jupiter/junit-jupiter/5.6.3/junit-jupiter-5.6.3.jar:/home/raimundo/.m2/repository/org/junit/jupiter/junit-jupiter-params/5.6.3/junit-jupiter-params-5.6.3.jar:/home/raimundo/.m2/repository/org/junit/vintage/junit-vintage-engine/5.6.3/junit-vintage-engine-5.6.3.jar:/home/raimundo/.m2/repository/org/mockito/mockito-junit-jupiter/3.3.3/mockito-junit-jupiter-3.3.3.jar:/home/raimundo/.m2/repository/org/skyscreamer/jsonassert/1.5.0/jsonassert-1.5.0.jar:/home/raimundo/.m2/repository/com/vaadin/external/google/android-json/0.0.20131108.vaadin1/android-json-0.0.20131108.vaadin1.jar:/home/raimundo/.m2/repository/org/springframework/spring-core/5.2.15.RELEASE/spring-core-5.2.15.RELEASE.jar:/home/raimundo/.m2/repository/org/springframework/spring-jcl/5.2.15.RELEASE/spring-jcl-5.2.15.RELEASE.jar:/home/raimundo/.m2/repository/org/springframework/spring-test/5.2.15.RELEASE/spring-test-5.2.15.RELEASE.jar:/home/raimundo/.m2/repository/org/xmlunit/xmlunit-core/2.7.0/xmlunit-core-2.7.0.jar:/home/raimundo/.m2/repository/org/springframework/security/spring-security-taglibs/5.3.9.RELEASE/spring-security-taglibs-5.3.9.RELEASE.jar:/home/raimundo/.m2/repository/org/springframework/security/spring-security-acl/5.3.9.RELEASE/spring-security-acl-5.3.9.RELEASE.jar:/home/raimundo/.m2/repository/org/springframework/spring-jdbc/5.2.15.RELEASE/spring-jdbc-5.2.15.RELEASE.jar:/home/raimundo/.m2/repository/org/springframework/spring-tx/5.2.15.RELEASE/spring-tx-5.2.15.RELEASE.jar:/home/raimundo/.m2/repository/org/springframework/security/spring-security-core/5.3.9.RELEASE/spring-security-core-5.3.9.RELEASE.jar:/home/raimundo/.m2/repository/org/springframework/spring-beans/5.2.15.RELEASE/spring-beans-5.2.15.RELEASE.jar:/home/raimundo/.m2/repository/org/springframework/spring-context/5.2.15.RELEASE/spring-context-5.2.15.RELEASE.jar:/home/raimundo/.m2/repository/org/springframework/spring-expression/5.2.15.RELEASE/spring-expression-5.2.15.RELEASE.jar:/home/raimundo/.m2/repository/org/springframework/security/spring-security-test/5.3.9.RELEASE/spring-security-test-5.3.9.RELEASE.jar:/home/raimundo/.m2/repository/org/springframework/boot/spring-boot-starter-actuator/2.3.12.RELEASE/spring-boot-starter-actuator-2.3.12.RELEASE.jar:/home/raimundo/.m2/repository/org/springframework/boot/spring-boot-actuator-autoconfigure/2.3.12.RELEASE/spring-boot-actuator-autoconfigure-2.3.12.RELEASE.jar:/home/raimundo/.m2/repository/org/springframework/boot/spring-boot-actuator/2.3.12.RELEASE/spring-boot-actuator-2.3.12.RELEASE.jar:/home/raimundo/.m2/repository/io/micrometer/micrometer-core/1.5.14/micrometer-core-1.5.14.jar:/home/raimundo/.m2/repository/org/hdrhistogram/HdrHistogram/2.1.12/HdrHistogram-2.1.12.jar:/home/raimundo/.m2/repository/org/latencyutils/LatencyUtils/2.0.3/LatencyUtils-2.0.3.jar:/home/raimundo/.m2/repository/org/springframework/social/spring-social-core/1.1.6.RELEASE/spring-social-core-1.1.6.RELEASE.jar:/home/raimundo/.m2/repository/org/springframework/social/spring-social-security/1.1.6.RELEASE/spring-social-security-1.1.6.RELEASE.jar:/home/raimundo/.m2/repository/org/springframework/social/spring-social-web/1.1.6.RELEASE/spring-social-web-1.1.6.RELEASE.jar:/home/raimundo/.m2/repository/javax/inject/javax.inject/1/javax.inject-1.jar:/home/raimundo/.m2/repository/org/springframework/social/spring-social-config/1.1.6.RELEASE/spring-social-config-1.1.6.RELEASE.jar:/home/raimundo/.m2/repository/org/springframework/social/spring-social-facebook/2.0.3.RELEASE/spring-social-facebook-2.0.3.RELEASE.jar:/home/raimundo/.m2/repository/com/fasterxml/jackson/core/jackson-core/2.11.4/jackson-core-2.11.4.jar:/home/raimundo/.m2/repository/com/fasterxml/jackson/core/jackson-databind/2.11.4/jackson-databind-2.11.4.jar:/home/raimundo/.m2/repository/com/fasterxml/jackson/core/jackson-annotations/2.11.4/jackson-annotations-2.11.4.jar:/home/raimundo/.m2/repository/org/springframework/social/spring-social-twitter/1.1.2.RELEASE/spring-social-twitter-1.1.2.RELEASE.jar:/home/raimundo/.m2/repository/org/springframework/security/spring-security-crypto/5.3.9.RELEASE/spring-security-crypto-5.3.9.RELEASE.jar:/home/raimundo/.m2/repository/org/springframework/social/spring-social-linkedin/1.0.2.RELEASE/spring-social-linkedin-1.0.2.RELEASE.jar:/home/raimundo/.m2/repository/org/springframework/social/spring-social-google/1.0.0.RELEASE/spring-social-google-1.0.0.RELEASE.jar:/home/raimundo/.m2/repository/io/jsonwebtoken/jjwt/0.9.0/jjwt-0.9.0.jar:/home/raimundo/.m2/repository/org/webjars/bootstrap/3.3.7-1/bootstrap-3.3.7-1.jar:/home/raimundo/.m2/repository/org/webjars/jquery/1.11.3/jquery-1.11.3.jar:/home/raimundo/.m2/repository/org/junit/jupiter/junit-jupiter-engine/5.6.3/junit-jupiter-engine-5.6.3.jar:/home/raimundo/.m2/repository/org/apiguardian/apiguardian-api/1.1.0/apiguardian-api-1.1.0.jar:/home/raimundo/.m2/repository/org/junit/platform/junit-platform-engine/1.6.3/junit-platform-engine-1.6.3.jar:/home/raimundo/.m2/repository/org/junit/jupiter/junit-jupiter-api/5.6.3/junit-jupiter-api-5.6.3.jar:/home/raimundo/.m2/repository/org/opentest4j/opentest4j/1.2.0/opentest4j-1.2.0.jar:/home/raimundo/.m2/repository/org/junit/platform/junit-platform-commons/1.6.3/junit-platform-commons-1.6.3.jar:/home/raimundo/.m2/repository/org/mockito/mockito-core/2.22.0/mockito-core-2.22.0.jar:/home/raimundo/.m2/repository/net/bytebuddy/byte-buddy-agent/1.10.22/byte-buddy-agent-1.10.22.jar:/home/raimundo/.m2/repository/org/spockframework/spock-core/1.2-groovy-2.4/spock-core-1.2-groovy-2.4.jar:/home/raimundo/.m2/repository/org/codehaus/groovy/groovy-all/2.4.15/groovy-all-2.4.15.jar:/home/raimundo/.m2/repository/net/bytebuddy/byte-buddy/1.8.21/byte-buddy-1.8.21.jar:/home/raimundo/.m2/repository/org/objenesis/objenesis/2.6/objenesis-2.6.jar:/home/raimundo/.m2/repository/org/hamcrest/hamcrest-core/1.3/hamcrest-core-1.3.jar:/home/raimundo/.m2/repository/org/jgroups/jgroups/4.0.17.Final/jgroups-4.0.17.Final.jar:/home/raimundo/.m2/repository/javax/mail/javax.mail-api/1.6.2/javax.mail-api-1.6.2.jar:/home/raimundo/.m2/repository/com/sun/mail/javax.mail/1.6.2/javax.mail-1.6.2.jar:/home/raimundo/.m2/repository/javax/activation/activation/1.1/activation-1.1.jar:/home/raimundo/.m2/repository/com/jayway/jsonpath/json-path/2.4.0/json-path-2.4.0.jar:/home/raimundo/.m2/repository/net/minidev/json-smart/2.3.1/json-smart-2.3.1.jar:/home/raimundo/.m2/repository/net/minidev/accessors-smart/2.3.1/accessors-smart-2.3.1.jar:/home/raimundo/.m2/repository/org/ow2/asm/asm/5.0.4/asm-5.0.4.jar:/home/raimundo/.m2/repository/javax/servlet/javax.servlet-api/4.0.1/javax.servlet-api-4.0.1.jar:/home/raimundo/.m2/repository/commons-lang/commons-lang/2.6/commons-lang-2.6.jar:/home/raimundo/.m2/repository/jaxen/jaxen/1.2.0/jaxen-1.2.0.jar:/home/raimundo/.m2/repository/org/jdom/jdom2/2.0.6/jdom2-2.0.6.jar:/home/raimundo/.m2/repository/commons-fileupload/commons-fileupload/1.3.3/commons-fileupload-1.3.3.jar:/home/raimundo/.m2/repository/commons-io/commons-io/2.7/commons-io-2.7.jar:/home/raimundo/.m2/repository/pt/ist/fenix-framework-core-api/2.8.0/fenix-framework-core-api-2.8.0.jar:/home/raimundo/.m2/repository/pt/ist/fenix-framework-core-dml/2.8.0/fenix-framework-core-dml-2.8.0.jar:/home/raimundo/.m2/repository/antlr/antlr/2.7.7/antlr-2.7.7.jar:/home/raimundo/.m2/repository/joda-time/joda-time/2.10.5/joda-time-2.10.5.jar:/home/raimundo/.m2/repository/com/google/code/gson/gson/2.8.7/gson-2.8.7.jar:/home/raimundo/.m2/repository/javax/transaction/jta/1.1/jta-1.1.jar:/home/raimundo/.m2/repository/pt/ist/esw/advice-runtime/1.9/advice-runtime-1.9.jar:/home/raimundo/.m2/repository/javax/xml/bind/jaxb-api/2.3.1/jaxb-api-2.3.1.jar:/home/raimundo/.m2/repository/javax/activation/javax.activation-api/1.2.0/javax.activation-api-1.2.0.jar:/home/raimundo/.m2/repository/pt/ist/fenix-framework-core-consistency-predicates/2.8.0/fenix-framework-core-consistency-predicates-2.8.0.jar:/home/raimundo/.m2/repository/jvstm/jvstm-fenix/1.4/jvstm-fenix-1.4.jar:/home/raimundo/.m2/repository/pt/ist/fenix-framework-core-adt-bplustree/2.8.0/fenix-framework-core-adt-bplustree-2.8.0.jar:/home/raimundo/.m2/repository/pt/ist/fenix-framework-backend-jvstm-ojb-runtime/2.8.0/fenix-framework-backend-jvstm-ojb-runtime-2.8.0.jar:/home/raimundo/.m2/repository/pt/ist/db-ojb/1.0.0-escaped/db-ojb-1.0.0-escaped.jar:/home/raimundo/.m2/repository/commons-pool/commons-pool/1.6/commons-pool-1.6.jar:/home/raimundo/.m2/repository/mysql/mysql-connector-java/5.1.49/mysql-connector-java-5.1.49.jar:/home/raimundo/.m2/repository/org/slf4j/slf4j-api/1.7.30/slf4j-api-1.7.30.jar:/home/raimundo/.m2/repository/ch/qos/logback/logback-classic/1.2.3/logback-classic-1.2.3.jar:/home/raimundo/.m2/repository/ch/qos/logback/logback-core/1.2.3/logback-core-1.2.3.jar:/home/raimundo/.m2/repository/cc/mallet/mallet/2.0.8/mallet-2.0.8.jar:/home/raimundo/.m2/repository/org/beanshell/bsh/2.0b4/bsh-2.0b4.jar:/home/raimundo/.m2/repository/jgrapht/jgrapht/0.6.0/jgrapht-0.6.0.jar:/home/raimundo/.m2/repository/net/sf/jwordnet/jwnl/1.4_rc3/jwnl-1.4_rc3.jar:/home/raimundo/.m2/repository/commons-logging/commons-logging/1.1.1/commons-logging-1.1.1.jar:/home/raimundo/.m2/repository/net/sf/trove4j/trove4j/2.0.2/trove4j-2.0.2.jar:/home/raimundo/.m2/repository/com/googlecode/matrix-toolkits-java/mtj/0.9.14/mtj-0.9.14.jar:/home/raimundo/.m2/repository/com/googlecode/netlib-java/netlib-java/0.9.3/netlib-java-0.9.3.jar:/home/raimundo/.m2/repository/net/sourceforge/f2j/arpack_combined_all/0.1/arpack_combined_all-0.1.jar:/home/raimundo/.m2/repository/org/jdom/jdom/1.1/jdom-1.1.jar:/home/raimundo/.m2/repository/org/apache/lucene/lucene-core/7.5.0/lucene-core-7.5.0.jar:/home/raimundo/.m2/repository/org/apache/lucene/lucene-analyzers-common/7.5.0/lucene-analyzers-common-7.5.0.jar:/home/raimundo/.m2/repository/org/apache/lucene/lucene-queryparser/7.5.0/lucene-queryparser-7.5.0.jar:/home/raimundo/.m2/repository/org/apache/lucene/lucene-queries/7.5.0/lucene-queries-7.5.0.jar:/home/raimundo/.m2/repository/org/apache/lucene/lucene-sandbox/7.5.0/lucene-sandbox-7.5.0.jar:/home/raimundo/.m2/repository/org/jblas/jblas/1.2.4/jblas-1.2.4.jar:"/>
    <property name="sun.cpu.endian" value="little"/>
    <property name="user.home" value="/home/raimundo"/>
    <property name="user.language" value="en"/>
    <property name="java.specification.vendor" value="Oracle Corporation"/>
    <property name="java.version.date" value="2021-10-19"/>
    <property name="java.home" value="/usr/lib/jvm/java-17-oracle"/>
    <property name="file.separator" value="/"/>
    <property name="basedir" value="/home/raimundo/Documents/thesis/edition/edition/edition-ldod"/>
    <property name="java.vm.compressedOopsMode" value="Zero based"/>
    <property name="line.separator" value="&#10;"/>
    <property name="java.specification.name" value="Java Platform API Specification"/>
    <property name="java.vm.specification.vendor" value="Oracle Corporation"/>
    <property name="surefire.real.class.path" value="/home/raimundo/Documents/thesis/edition/edition/edition-ldod/target/surefire/surefirebooter17444796946949596164.jar"/>
    <property name="sun.management.compiler" value="HotSpot 64-Bit Tiered Compilers"/>
    <property name="java.runtime.version" value="17.0.1+12-LTS-39"/>
    <property name="user.name" value="raimundo"/>
    <property name="path.separator" value=":"/>
    <property name="os.version" value="5.17.5-051705-generic"/>
    <property name="java.runtime.name" value="Java(TM) SE Runtime Environment"/>
    <property name="file.encoding" value="UTF-8"/>
    <property name="java.vm.name" value="Java HotSpot(TM) 64-Bit Server VM"/>
    <property name="localRepository" value="/home/raimundo/.m2/repository"/>
    <property name="java.vendor.url.bug" value="https://bugreport.java.com/bugreport/"/>
    <property name="java.io.tmpdir" value="/tmp"/>
    <property name="java.version" value="17.0.1"/>
    <property name="user.dir" value="/home/raimundo/Documents/thesis/edition/edition/edition-ldod"/>
    <property name="os.arch" value="amd64"/>
    <property name="java.vm.specification.name" value="Java Virtual Machine Specification"/>
    <property name="user.language.format" value="pt"/>
    <property name="native.encoding" value="UTF-8"/>
    <property name="java.library.path" value="/usr/java/packages/lib:/usr/lib64:/lib64:/lib:/usr/lib"/>
    <property name="java.vm.info" value="mixed mode, sharing"/>
    <property name="java.vendor" value="Oracle Corporation"/>
    <property name="java.vm.version" value="17.0.1+12-LTS-39"/>
    <property name="sun.io.unicode.encoding" value="UnicodeLittle"/>
    <property name="java.class.version" value="61.0"/>
  </properties>
  <testcase name="pt.ist.socialsoftware.edition.ldod.recommendation.ReadingRecommendationPerformanceTest" classname="pt.ist.socialsoftware.edition.ldod.recommendation.ReadingRecommendationPerformanceTest" time="0.001">
    <error message="Config is absent. Explicitly initialize the FenixFramework with FenixFramework.initialize(Config) or via convention by providing a fenix-framework-&lt;NNN&gt;.properties resource before attempting getConfig() (where &lt;NNN&gt; is the name of a BackEnd)." type="pt.ist.fenixframework.ConfigError"><![CDATA[pt.ist.fenixframework.ConfigError: Config is absent. Explicitly initialize the FenixFramework with FenixFramework.initialize(Config) or via convention by providing a fenix-framework-<NNN>.properties resource before attempting getConfig() (where <NNN> is the name of a BackEnd).
	at pt.ist.socialsoftware.edition.ldod.recommendation.ReadingRecommendationPerformanceTest.setUpAll(ReadingRecommendationPerformanceTest.java)
]]></error>
  </testcase>
</testsuite>