<?xml version="1.0" encoding="UTF-8"?>
<testsuite xmlns:xsi="http://www.w3.org/2001/XMLSchema-instance" xsi:noNamespaceSchemaLocation="https://maven.apache.org/surefire/maven-surefire-plugin/xsd/surefire-test-report.xsd" name="pt.ist.socialsoftware.edition.ldod.performance.SourcePerformanceTest" time="1.924" tests="1" errors="1" skipped="0" failures="0">
  <properties>
    <property name="java.specification.version" value="17"/>
    <property name="sun.jnu.encoding" value="UTF-8"/>
    <property name="java.class.path" value="/home/raimundo/Documents/thesis/edition/edition/edition-ldod/target/test-classes:/home/raimundo/Documents/thesis/edition/edition/edition-ldod/target/classes:/home/raimundo/.m2/repository/org/twitter4j/twitter4j-core/4.0.7/twitter4j-core-4.0.7.jar:/home/raimundo/.m2/repository/org/json/json/20180813/json-20180813.jar:/home/raimundo/.m2/repository/com/googlecode/json-simple/json-simple/1.1.1/json-simple-1.1.1.jar:/home/raimundo/.m2/repository/junit/junit/4.13.2/junit-4.13.2.jar:/home/raimundo/.m2/repository/org/springframework/boot/spring-boot-starter-web/2.3.12.RELEASE/spring-boot-starter-web-2.3.12.RELEASE.jar:/home/raimundo/.m2/repository/org/springframework/boot/spring-boot-starter/2.3.12.RELEASE/spring-boot-starter-2.3.12.RELEASE.jar:/home/raimundo/.m2/repository/org/springframework/boot/spring-boot/2.3.12.RELEASE/spring-boot-2.3.12.RELEASE.jar:/home/raimundo/.m2/repository/org/springframework/boot/spring-boot-autoconfigure/2.3.12.RELEASE/spring-boot-autoconfigure-2.3.12.RELEASE.jar:/home/raimundo/.m2/repository/org/springframework/boot/spring-boot-starter-logging/2.3.12.RELEASE/spring-boot-starter-logging-2.3.12.RELEASE.jar:/home/raimundo/.m2/repository/org/apache/logging/log4j/log4j-to-slf4j/2.13.3/log4j-to-slf4j-2.13.3.jar:/home/raimundo/.m2/repository/org/apache/logging/log4j/log4j-api/2.13.3/log4j-api-2.13.3.jar:/home/raimundo/.m2/repository/org/slf4j/jul-to-slf4j/1.7.30/jul-to-slf4j-1.7.30.jar:/home/raimundo/.m2/repository/org/yaml/snakeyaml/1.26/snakeyaml-1.26.jar:/home/raimundo/.m2/repository/org/springframework/boot/spring-boot-starter-json/2.3.12.RELEASE/spring-boot-starter-json-2.3.12.RELEASE.jar:/home/raimundo/.m2/repository/com/fasterxml/jackson/datatype/jackson-datatype-jdk8/2.11.4/jackson-datatype-jdk8-2.11.4.jar:/home/raimundo/.m2/repository/com/fasterxml/jackson/datatype/jackson-datatype-jsr310/2.11.4/jackson-datatype-jsr310-2.11.4.jar:/home/raimundo/.m2/repository/com/fasterxml/jackson/module/jackson-module-parameter-names/2.11.4/jackson-module-parameter-names-2.11.4.jar:/home/raimundo/.m2/repository/org/springframework/spring-web/5.2.15.RELEASE/spring-web-5.2.15.RELEASE.jar:/home/raimundo/.m2/repository/org/springframework/spring-webmvc/5.2.15.RELEASE/spring-webmvc-5.2.15.RELEASE.jar:/home/raimundo/.m2/repository/org/springframework/boot/spring-boot-starter-validation/2.3.12.RELEASE/spring-boot-starter-validation-2.3.12.RELEASE.jar:/home/raimundo/.m2/repository/org/glassfish/jakarta.el/3.0.3/jakarta.el-3.0.3.jar:/home/raimundo/.m2/repository/org/hibernate/validator/hibernate-validator/6.1.7.Final/hibernate-validator-6.1.7.Final.jar:/home/raimundo/.m2/repository/jakarta/validation/jakarta.validation-api/2.0.2/jakarta.validation-api-2.0.2.jar:/home/raimundo/.m2/repository/org/jboss/logging/jboss-logging/3.4.2.Final/jboss-logging-3.4.2.Final.jar:/home/raimundo/.m2/repository/com/fasterxml/classmate/1.5.1/classmate-1.5.1.jar:/home/raimundo/.m2/repository/org/springframework/boot/spring-boot-starter-websocket/2.3.12.RELEASE/spring-boot-starter-websocket-2.3.12.RELEASE.jar:/home/raimundo/.m2/repository/org/springframework/spring-messaging/5.2.15.RELEASE/spring-messaging-5.2.15.RELEASE.jar:/home/raimundo/.m2/repository/org/springframework/spring-websocket/5.2.15.RELEASE/spring-websocket-5.2.15.RELEASE.jar:/home/raimundo/.m2/repository/org/springframework/boot/spring-boot-starter-security/2.3.12.RELEASE/spring-boot-starter-security-2.3.12.RELEASE.jar:/home/raimundo/.m2/repository/org/springframework/spring-aop/5.2.15.RELEASE/spring-aop-5.2.15.RELEASE.jar:/home/raimundo/.m2/repository/org/springframework/security/spring-security-config/5.3.9.RELEASE/spring-security-config-5.3.9.RELEASE.jar:/home/raimundo/.m2/repository/org/springframework/security/spring-security-web/5.3.9.RELEASE/spring-security-web-5.3.9.RELEASE.jar:/home/raimundo/.m2/repository/org/springframework/boot/spring-boot-starter-tomcat/2.3.12.RELEASE/spring-boot-starter-tomcat-2.3.12.RELEASE.jar:/home/raimundo/.m2/repository/jakarta/annotation/jakarta.annotation-api/1.3.5/jakarta.annotation-api-1.3.5.jar:/home/raimundo/.m2/repository/org/apache/tomcat/embed/tomcat-embed-core/9.0.46/tomcat-embed-core-9.0.46.jar:/home/raimundo/.m2/repository/org/apache/tomcat/embed/tomcat-embed-websocket/9.0.46/tomcat-embed-websocket-9.0.46.jar:/home/raimundo/.m2/repository/org/apache/tomcat/embed/tomcat-embed-jasper/9.0.46/tomcat-embed-jasper-9.0.46.jar:/home/raimundo/.m2/repository/org/apache/tomcat/embed/tomcat-embed-el/9.0.46/tomcat-embed-el-9.0.46.jar:/home/raimundo/.m2/repository/org/eclipse/jdt/ecj/3.18.0/ecj-3.18.0.jar:/home/raimundo/.m2/repository/javax/servlet/jstl/1.2/jstl-1.2.jar:/home/raimundo/.m2/repository/org/springframework/boot/spring-boot-starter-test/2.3.12.RELEASE/spring-boot-starter-test-2.3.12.RELEASE.jar:/home/raimundo/.m2/repository/org/springframework/boot/spring-boot-test/2.3.12.RELEASE/spring-boot-test-2.3.12.RELEASE.jar:/home/raimundo/.m2/repository/org/springframework/boot/spring-boot-test-autoconfigure/2.3.12.RELEASE/spring-boot-test-autoconfigure-2.3.12.RELEASE.jar:/home/raimundo/.m2/repository/jakarta/xml/bind/jakarta.xml.bind-api/2.3.3/jakarta.xml.bind-api-2.3.3.jar:/home/raimundo/.m2/repository/jakarta/activation/jakarta.activation-api/1.2.2/jakarta.activation-api-1.2.2.jar:/home/raimundo/.m2/repository/org/assertj/assertj-core/3.16.1/assertj-core-3.16.1.jar:/home/raimundo/.m2/repository/org/hamcrest/hamcrest/2.2/hamcrest-2.2.jar:/home/raimundo/.m2/repository/org/junit/jupiter/junit-jupiter/5.6.3/junit-jupiter-5.6.3.jar:/home/raimundo/.m2/repository/org/junit/jupiter/junit-jupiter-params/5.6.3/junit-jupiter-params-5.6.3.jar:/home/raimundo/.m2/repository/org/junit/vintage/junit-vintage-engine/5.6.3/junit-vintage-engine-5.6.3.jar:/home/raimundo/.m2/repository/org/mockito/mockito-junit-jupiter/3.3.3/mockito-junit-jupiter-3.3.3.jar:/home/raimundo/.m2/repository/org/skyscreamer/jsonassert/1.5.0/jsonassert-1.5.0.jar:/home/raimundo/.m2/repository/com/vaadin/external/google/android-json/0.0.20131108.vaadin1/android-json-0.0.20131108.vaadin1.jar:/home/raimundo/.m2/repository/org/springframework/spring-core/5.2.15.RELEASE/spring-core-5.2.15.RELEASE.jar:/home/raimundo/.m2/repository/org/springframework/spring-jcl/5.2.15.RELEASE/spring-jcl-5.2.15.RELEASE.jar:/home/raimundo/.m2/repository/org/springframework/spring-test/5.2.15.RELEASE/spring-test-5.2.15.RELEASE.jar:/home/raimundo/.m2/repository/org/xmlunit/xmlunit-core/2.7.0/xmlunit-core-2.7.0.jar:/home/raimundo/.m2/repository/org/springframework/security/spring-security-taglibs/5.3.9.RELEASE/spring-security-taglibs-5.3.9.RELEASE.jar:/home/raimundo/.m2/repository/org/springframework/security/spring-security-acl/5.3.9.RELEASE/spring-security-acl-5.3.9.RELEASE.jar:/home/raimundo/.m2/repository/org/springframework/spring-jdbc/5.2.15.RELEASE/spring-jdbc-5.2.15.RELEASE.jar:/home/raimundo/.m2/repository/org/springframework/spring-tx/5.2.15.RELEASE/spring-tx-5.2.15.RELEASE.jar:/home/raimundo/.m2/repository/org/springframework/security/spring-security-core/5.3.9.RELEASE/spring-security-core-5.3.9.RELEASE.jar:/home/raimundo/.m2/repository/org/springframework/spring-beans/5.2.15.RELEASE/spring-beans-5.2.15.RELEASE.jar:/home/raimundo/.m2/repository/org/springframework/spring-context/5.2.15.RELEASE/spring-context-5.2.15.RELEASE.jar:/home/raimundo/.m2/repository/org/springframework/spring-expression/5.2.15.RELEASE/spring-expression-5.2.15.RELEASE.jar:/home/raimundo/.m2/repository/org/springframework/security/spring-security-test/5.3.9.RELEASE/spring-security-test-5.3.9.RELEASE.jar:/home/raimundo/.m2/repository/org/springframework/boot/spring-boot-starter-actuator/2.3.12.RELEASE/spring-boot-starter-actuator-2.3.12.RELEASE.jar:/home/raimundo/.m2/repository/org/springframework/boot/spring-boot-actuator-autoconfigure/2.3.12.RELEASE/spring-boot-actuator-autoconfigure-2.3.12.RELEASE.jar:/home/raimundo/.m2/repository/org/springframework/boot/spring-boot-actuator/2.3.12.RELEASE/spring-boot-actuator-2.3.12.RELEASE.jar:/home/raimundo/.m2/repository/io/micrometer/micrometer-core/1.5.14/micrometer-core-1.5.14.jar:/home/raimundo/.m2/repository/org/hdrhistogram/HdrHistogram/2.1.12/HdrHistogram-2.1.12.jar:/home/raimundo/.m2/repository/org/latencyutils/LatencyUtils/2.0.3/LatencyUtils-2.0.3.jar:/home/raimundo/.m2/repository/org/springframework/social/spring-social-core/1.1.6.RELEASE/spring-social-core-1.1.6.RELEASE.jar:/home/raimundo/.m2/repository/org/springframework/social/spring-social-security/1.1.6.RELEASE/spring-social-security-1.1.6.RELEASE.jar:/home/raimundo/.m2/repository/org/springframework/social/spring-social-web/1.1.6.RELEASE/spring-social-web-1.1.6.RELEASE.jar:/home/raimundo/.m2/repository/javax/inject/javax.inject/1/javax.inject-1.jar:/home/raimundo/.m2/repository/org/springframework/social/spring-social-config/1.1.6.RELEASE/spring-social-config-1.1.6.RELEASE.jar:/home/raimundo/.m2/repository/org/springframework/social/spring-social-facebook/2.0.3.RELEASE/spring-social-facebook-2.0.3.RELEASE.jar:/home/raimundo/.m2/repository/com/fasterxml/jackson/core/jackson-core/2.11.4/jackson-core-2.11.4.jar:/home/raimundo/.m2/repository/com/fasterxml/jackson/core/jackson-databind/2.11.4/jackson-databind-2.11.4.jar:/home/raimundo/.m2/repository/com/fasterxml/jackson/core/jackson-annotations/2.11.4/jackson-annotations-2.11.4.jar:/home/raimundo/.m2/repository/org/springframework/social/spring-social-twitter/1.1.2.RELEASE/spring-social-twitter-1.1.2.RELEASE.jar:/home/raimundo/.m2/repository/org/springframework/security/spring-security-crypto/5.3.9.RELEASE/spring-security-crypto-5.3.9.RELEASE.jar:/home/raimundo/.m2/repository/org/springframework/social/spring-social-linkedin/1.0.2.RELEASE/spring-social-linkedin-1.0.2.RELEASE.jar:/home/raimundo/.m2/repository/org/springframework/social/spring-social-google/1.0.0.RELEASE/spring-social-google-1.0.0.RELEASE.jar:/home/raimundo/.m2/repository/io/jsonwebtoken/jjwt/0.9.0/jjwt-0.9.0.jar:/home/raimundo/.m2/repository/org/webjars/bootstrap/3.3.7-1/bootstrap-3.3.7-1.jar:/home/raimundo/.m2/repository/org/webjars/jquery/1.11.3/jquery-1.11.3.jar:/home/raimundo/.m2/repository/org/junit/jupiter/junit-jupiter-engine/5.6.3/junit-jupiter-engine-5.6.3.jar:/home/raimundo/.m2/repository/org/apiguardian/apiguardian-api/1.1.0/apiguardian-api-1.1.0.jar:/home/raimundo/.m2/repository/org/junit/platform/junit-platform-engine/1.6.3/junit-platform-engine-1.6.3.jar:/home/raimundo/.m2/repository/org/junit/jupiter/junit-jupiter-api/5.6.3/junit-jupiter-api-5.6.3.jar:/home/raimundo/.m2/repository/org/opentest4j/opentest4j/1.2.0/opentest4j-1.2.0.jar:/home/raimundo/.m2/repository/org/junit/platform/junit-platform-commons/1.6.3/junit-platform-commons-1.6.3.jar:/home/raimundo/.m2/repository/org/mockito/mockito-core/2.22.0/mockito-core-2.22.0.jar:/home/raimundo/.m2/repository/net/bytebuddy/byte-buddy-agent/1.10.22/byte-buddy-agent-1.10.22.jar:/home/raimundo/.m2/repository/org/spockframework/spock-core/1.2-groovy-2.4/spock-core-1.2-groovy-2.4.jar:/home/raimundo/.m2/repository/org/codehaus/groovy/groovy-all/2.4.15/groovy-all-2.4.15.jar:/home/raimundo/.m2/repository/net/bytebuddy/byte-buddy/1.8.21/byte-buddy-1.8.21.jar:/home/raimundo/.m2/repository/org/objenesis/objenesis/2.6/objenesis-2.6.jar:/home/raimundo/.m2/repository/org/hamcrest/hamcrest-core/1.3/hamcrest-core-1.3.jar:/home/raimundo/.m2/repository/org/jgroups/jgroups/4.0.17.Final/jgroups-4.0.17.Final.jar:/home/raimundo/.m2/repository/javax/mail/javax.mail-api/1.6.2/javax.mail-api-1.6.2.jar:/home/raimundo/.m2/repository/com/sun/mail/javax.mail/1.6.2/javax.mail-1.6.2.jar:/home/raimundo/.m2/repository/javax/activation/activation/1.1/activation-1.1.jar:/home/raimundo/.m2/repository/com/jayway/jsonpath/json-path/2.4.0/json-path-2.4.0.jar:/home/raimundo/.m2/repository/net/minidev/json-smart/2.3.1/json-smart-2.3.1.jar:/home/raimundo/.m2/repository/net/minidev/accessors-smart/2.3.1/accessors-smart-2.3.1.jar:/home/raimundo/.m2/repository/org/ow2/asm/asm/5.0.4/asm-5.0.4.jar:/home/raimundo/.m2/repository/javax/servlet/javax.servlet-api/4.0.1/javax.servlet-api-4.0.1.jar:/home/raimundo/.m2/repository/commons-lang/commons-lang/2.6/commons-lang-2.6.jar:/home/raimundo/.m2/repository/jaxen/jaxen/1.2.0/jaxen-1.2.0.jar:/home/raimundo/.m2/repository/org/jdom/jdom2/2.0.6/jdom2-2.0.6.jar:/home/raimundo/.m2/repository/commons-fileupload/commons-fileupload/1.3.3/commons-fileupload-1.3.3.jar:/home/raimundo/.m2/repository/commons-io/commons-io/2.7/commons-io-2.7.jar:/home/raimundo/.m2/repository/pt/ist/fenix-framework-core-api/2.8.0/fenix-framework-core-api-2.8.0.jar:/home/raimundo/.m2/repository/pt/ist/fenix-framework-core-dml/2.8.0/fenix-framework-core-dml-2.8.0.jar:/home/raimundo/.m2/repository/antlr/antlr/2.7.7/antlr-2.7.7.jar:/home/raimundo/.m2/repository/joda-time/joda-time/2.10.5/joda-time-2.10.5.jar:/home/raimundo/.m2/repository/com/google/code/gson/gson/2.8.7/gson-2.8.7.jar:/home/raimundo/.m2/repository/javax/transaction/jta/1.1/jta-1.1.jar:/home/raimundo/.m2/repository/pt/ist/esw/advice-runtime/1.9/advice-runtime-1.9.jar:/home/raimundo/.m2/repository/javax/xml/bind/jaxb-api/2.3.1/jaxb-api-2.3.1.jar:/home/raimundo/.m2/repository/javax/activation/javax.activation-api/1.2.0/javax.activation-api-1.2.0.jar:/home/raimundo/.m2/repository/pt/ist/fenix-framework-core-consistency-predicates/2.8.0/fenix-framework-core-consistency-predicates-2.8.0.jar:/home/raimundo/.m2/repository/jvstm/jvstm-fenix/1.4/jvstm-fenix-1.4.jar:/home/raimundo/.m2/repository/pt/ist/fenix-framework-core-adt-bplustree/2.8.0/fenix-framework-core-adt-bplustree-2.8.0.jar:/home/raimundo/.m2/repository/pt/ist/fenix-framework-backend-jvstm-ojb-runtime/2.8.0/fenix-framework-backend-jvstm-ojb-runtime-2.8.0.jar:/home/raimundo/.m2/repository/pt/ist/db-ojb/1.0.0-escaped/db-ojb-1.0.0-escaped.jar:/home/raimundo/.m2/repository/commons-pool/commons-pool/1.6/commons-pool-1.6.jar:/home/raimundo/.m2/repository/mysql/mysql-connector-java/5.1.49/mysql-connector-java-5.1.49.jar:/home/raimundo/.m2/repository/org/slf4j/slf4j-api/1.7.30/slf4j-api-1.7.30.jar:/home/raimundo/.m2/repository/ch/qos/logback/logback-classic/1.2.3/logback-classic-1.2.3.jar:/home/raimundo/.m2/repository/ch/qos/logback/logback-core/1.2.3/logback-core-1.2.3.jar:/home/raimundo/.m2/repository/cc/mallet/mallet/2.0.8/mallet-2.0.8.jar:/home/raimundo/.m2/repository/org/beanshell/bsh/2.0b4/bsh-2.0b4.jar:/home/raimundo/.m2/repository/jgrapht/jgrapht/0.6.0/jgrapht-0.6.0.jar:/home/raimundo/.m2/repository/net/sf/jwordnet/jwnl/1.4_rc3/jwnl-1.4_rc3.jar:/home/raimundo/.m2/repository/commons-logging/commons-logging/1.1.1/commons-logging-1.1.1.jar:/home/raimundo/.m2/repository/net/sf/trove4j/trove4j/2.0.2/trove4j-2.0.2.jar:/home/raimundo/.m2/repository/com/googlecode/matrix-toolkits-java/mtj/0.9.14/mtj-0.9.14.jar:/home/raimundo/.m2/repository/com/googlecode/netlib-java/netlib-java/0.9.3/netlib-java-0.9.3.jar:/home/raimundo/.m2/repository/net/sourceforge/f2j/arpack_combined_all/0.1/arpack_combined_all-0.1.jar:/home/raimundo/.m2/repository/org/jdom/jdom/1.1/jdom-1.1.jar:/home/raimundo/.m2/repository/org/apache/lucene/lucene-core/7.5.0/lucene-core-7.5.0.jar:/home/raimundo/.m2/repository/org/apache/lucene/lucene-analyzers-common/7.5.0/lucene-analyzers-common-7.5.0.jar:/home/raimundo/.m2/repository/org/apache/lucene/lucene-queryparser/7.5.0/lucene-queryparser-7.5.0.jar:/home/raimundo/.m2/repository/org/apache/lucene/lucene-queries/7.5.0/lucene-queries-7.5.0.jar:/home/raimundo/.m2/repository/org/apache/lucene/lucene-sandbox/7.5.0/lucene-sandbox-7.5.0.jar:/home/raimundo/.m2/repository/org/jblas/jblas/1.2.4/jblas-1.2.4.jar:"/>
    <property name="java.vm.vendor" value="Oracle Corporation"/>
    <property name="sun.arch.data.model" value="64"/>
    <property name="java.vendor.url" value="https://java.oracle.com/"/>
    <property name="user.country.format" value="PT"/>
    <property name="os.name" value="Linux"/>
    <property name="java.vm.specification.version" value="17"/>
    <property name="sun.java.launcher" value="SUN_STANDARD"/>
    <property name="user.country" value="US"/>
    <property name="sun.boot.library.path" value="/usr/lib/jvm/java-17-oracle/lib"/>
    <property name="sun.java.command" value="/home/raimundo/Documents/thesis/edition/edition/edition-ldod/target/surefire/surefirebooter17444796946949596164.jar /home/raimundo/Documents/thesis/edition/edition/edition-ldod/target/surefire 2022-07-05T22-10-47_857-jvmRun1 surefire6975458756448077721tmp surefire_014421269254914294680tmp"/>
    <property name="jdk.debug" value="release"/>
    <property name="surefire.test.class.path" value="/home/raimundo/Documents/thesis/edition/edition/edition-ldod/target/test-classes:/home/raimundo/Documents/thesis/edition/edition/edition-ldod/target/classes:/home/raimundo/.m2/repository/org/twitter4j/twitter4j-core/4.0.7/twitter4j-core-4.0.7.jar:/home/raimundo/.m2/repository/org/json/json/20180813/json-20180813.jar:/home/raimundo/.m2/repository/com/googlecode/json-simple/json-simple/1.1.1/json-simple-1.1.1.jar:/home/raimundo/.m2/repository/junit/junit/4.13.2/junit-4.13.2.jar:/home/raimundo/.m2/repository/org/springframework/boot/spring-boot-starter-web/2.3.12.RELEASE/spring-boot-starter-web-2.3.12.RELEASE.jar:/home/raimundo/.m2/repository/org/springframework/boot/spring-boot-starter/2.3.12.RELEASE/spring-boot-starter-2.3.12.RELEASE.jar:/home/raimundo/.m2/repository/org/springframework/boot/spring-boot/2.3.12.RELEASE/spring-boot-2.3.12.RELEASE.jar:/home/raimundo/.m2/repository/org/springframework/boot/spring-boot-autoconfigure/2.3.12.RELEASE/spring-boot-autoconfigure-2.3.12.RELEASE.jar:/home/raimundo/.m2/repository/org/springframework/boot/spring-boot-starter-logging/2.3.12.RELEASE/spring-boot-starter-logging-2.3.12.RELEASE.jar:/home/raimundo/.m2/repository/org/apache/logging/log4j/log4j-to-slf4j/2.13.3/log4j-to-slf4j-2.13.3.jar:/home/raimundo/.m2/repository/org/apache/logging/log4j/log4j-api/2.13.3/log4j-api-2.13.3.jar:/home/raimundo/.m2/repository/org/slf4j/jul-to-slf4j/1.7.30/jul-to-slf4j-1.7.30.jar:/home/raimundo/.m2/repository/org/yaml/snakeyaml/1.26/snakeyaml-1.26.jar:/home/raimundo/.m2/repository/org/springframework/boot/spring-boot-starter-json/2.3.12.RELEASE/spring-boot-starter-json-2.3.12.RELEASE.jar:/home/raimundo/.m2/repository/com/fasterxml/jackson/datatype/jackson-datatype-jdk8/2.11.4/jackson-datatype-jdk8-2.11.4.jar:/home/raimundo/.m2/repository/com/fasterxml/jackson/datatype/jackson-datatype-jsr310/2.11.4/jackson-datatype-jsr310-2.11.4.jar:/home/raimundo/.m2/repository/com/fasterxml/jackson/module/jackson-module-parameter-names/2.11.4/jackson-module-parameter-names-2.11.4.jar:/home/raimundo/.m2/repository/org/springframework/spring-web/5.2.15.RELEASE/spring-web-5.2.15.RELEASE.jar:/home/raimundo/.m2/repository/org/springframework/spring-webmvc/5.2.15.RELEASE/spring-webmvc-5.2.15.RELEASE.jar:/home/raimundo/.m2/repository/org/springframework/boot/spring-boot-starter-validation/2.3.12.RELEASE/spring-boot-starter-validation-2.3.12.RELEASE.jar:/home/raimundo/.m2/repository/org/glassfish/jakarta.el/3.0.3/jakarta.el-3.0.3.jar:/home/raimundo/.m2/repository/org/hibernate/validator/hibernate-validator/6.1.7.Final/hibernate-validator-6.1.7.Final.jar:/home/raimundo/.m2/repository/jakarta/validation/jakarta.validation-api/2.0.2/jakarta.validation-api-2.0.2.jar:/home/raimundo/.m2/repository/org/jboss/logging/jboss-logging/3.4.2.Final/jboss-logging-3.4.2.Final.jar:/home/raimundo/.m2/repository/com/fasterxml/classmate/1.5.1/classmate-1.5.1.jar:/home/raimundo/.m2/repository/org/springframework/boot/spring-boot-starter-websocket/2.3.12.RELEASE/spring-boot-starter-websocket-2.3.12.RELEASE.jar:/home/raimundo/.m2/repository/org/springframework/spring-messaging/5.2.15.RELEASE/spring-messaging-5.2.15.RELEASE.jar:/home/raimundo/.m2/repository/org/springframework/spring-websocket/5.2.15.RELEASE/spring-websocket-5.2.15.RELEASE.jar:/home/raimundo/.m2/repository/org/springframework/boot/spring-boot-starter-security/2.3.12.RELEASE/spring-boot-starter-security-2.3.12.RELEASE.jar:/home/raimundo/.m2/repository/org/springframework/spring-aop/5.2.15.RELEASE/spring-aop-5.2.15.RELEASE.jar:/home/raimundo/.m2/repository/org/springframework/security/spring-security-config/5.3.9.RELEASE/spring-security-config-5.3.9.RELEASE.jar:/home/raimundo/.m2/repository/org/springframework/security/spring-security-web/5.3.9.RELEASE/spring-security-web-5.3.9.RELEASE.jar:/home/raimundo/.m2/repository/org/springframework/boot/spring-boot-starter-tomcat/2.3.12.RELEASE/spring-boot-starter-tomcat-2.3.12.RELEASE.jar:/home/raimundo/.m2/repository/jakarta/annotation/jakarta.annotation-api/1.3.5/jakarta.annotation-api-1.3.5.jar:/home/raimundo/.m2/repository/org/apache/tomcat/embed/tomcat-embed-core/9.0.46/tomcat-embed-core-9.0.46.jar:/home/raimundo/.m2/repository/org/apache/tomcat/embed/tomcat-embed-websocket/9.0.46/tomcat-embed-websocket-9.0.46.jar:/home/raimundo/.m2/repository/org/apache/tomcat/embed/tomcat-embed-jasper/9.0.46/tomcat-embed-jasper-9.0.46.jar:/home/raimundo/.m2/repository/org/apache/tomcat/embed/tomcat-embed-el/9.0.46/tomcat-embed-el-9.0.46.jar:/home/raimundo/.m2/repository/org/eclipse/jdt/ecj/3.18.0/ecj-3.18.0.jar:/home/raimundo/.m2/repository/javax/servlet/jstl/1.2/jstl-1.2.jar:/home/raimundo/.m2/repository/org/springframework/boot/spring-boot-starter-test/2.3.12.RELEASE/spring-boot-starter-test-2.3.12.RELEASE.jar:/home/raimundo/.m2/repository/org/springframework/boot/spring-boot-test/2.3.12.RELEASE/spring-boot-test-2.3.12.RELEASE.jar:/home/raimundo/.m2/repository/org/springframework/boot/spring-boot-test-autoconfigure/2.3.12.RELEASE/spring-boot-test-autoconfigure-2.3.12.RELEASE.jar:/home/raimundo/.m2/repository/jakarta/xml/bind/jakarta.xml.bind-api/2.3.3/jakarta.xml.bind-api-2.3.3.jar:/home/raimundo/.m2/repository/jakarta/activation/jakarta.activation-api/1.2.2/jakarta.activation-api-1.2.2.jar:/home/raimundo/.m2/repository/org/assertj/assertj-core/3.16.1/assertj-core-3.16.1.jar:/home/raimundo/.m2/repository/org/hamcrest/hamcrest/2.2/hamcrest-2.2.jar:/home/raimundo/.m2/repository/org/junit/jupiter/junit-jupiter/5.6.3/junit-jupiter-5.6.3.jar:/home/raimundo/.m2/repository/org/junit/jupiter/junit-jupiter-params/5.6.3/junit-jupiter-params-5.6.3.jar:/home/raimundo/.m2/repository/org/junit/vintage/junit-vintage-engine/5.6.3/junit-vintage-engine-5.6.3.jar:/home/raimundo/.m2/repository/org/mockito/mockito-junit-jupiter/3.3.3/mockito-junit-jupiter-3.3.3.jar:/home/raimundo/.m2/repository/org/skyscreamer/jsonassert/1.5.0/jsonassert-1.5.0.jar:/home/raimundo/.m2/repository/com/vaadin/external/google/android-json/0.0.20131108.vaadin1/android-json-0.0.20131108.vaadin1.jar:/home/raimundo/.m2/repository/org/springframework/spring-core/5.2.15.RELEASE/spring-core-5.2.15.RELEASE.jar:/home/raimundo/.m2/repository/org/springframework/spring-jcl/5.2.15.RELEASE/spring-jcl-5.2.15.RELEASE.jar:/home/raimundo/.m2/repository/org/springframework/spring-test/5.2.15.RELEASE/spring-test-5.2.15.RELEASE.jar:/home/raimundo/.m2/repository/org/xmlunit/xmlunit-core/2.7.0/xmlunit-core-2.7.0.jar:/home/raimundo/.m2/repository/org/springframework/security/spring-security-taglibs/5.3.9.RELEASE/spring-security-taglibs-5.3.9.RELEASE.jar:/home/raimundo/.m2/repository/org/springframework/security/spring-security-acl/5.3.9.RELEASE/spring-security-acl-5.3.9.RELEASE.jar:/home/raimundo/.m2/repository/org/springframework/spring-jdbc/5.2.15.RELEASE/spring-jdbc-5.2.15.RELEASE.jar:/home/raimundo/.m2/repository/org/springframework/spring-tx/5.2.15.RELEASE/spring-tx-5.2.15.RELEASE.jar:/home/raimundo/.m2/repository/org/springframework/security/spring-security-core/5.3.9.RELEASE/spring-security-core-5.3.9.RELEASE.jar:/home/raimundo/.m2/repository/org/springframework/spring-beans/5.2.15.RELEASE/spring-beans-5.2.15.RELEASE.jar:/home/raimundo/.m2/repository/org/springframework/spring-context/5.2.15.RELEASE/spring-context-5.2.15.RELEASE.jar:/home/raimundo/.m2/repository/org/springframework/spring-expression/5.2.15.RELEASE/spring-expression-5.2.15.RELEASE.jar:/home/raimundo/.m2/repository/org/springframework/security/spring-security-test/5.3.9.RELEASE/spring-security-test-5.3.9.RELEASE.jar:/home/raimundo/.m2/repository/org/springframework/boot/spring-boot-starter-actuator/2.3.12.RELEASE/spring-boot-starter-actuator-2.3.12.RELEASE.jar:/home/raimundo/.m2/repository/org/springframework/boot/spring-boot-actuator-autoconfigure/2.3.12.RELEASE/spring-boot-actuator-autoconfigure-2.3.12.RELEASE.jar:/home/raimundo/.m2/repository/org/springframework/boot/spring-boot-actuator/2.3.12.RELEASE/spring-boot-actuator-2.3.12.RELEASE.jar:/home/raimundo/.m2/repository/io/micrometer/micrometer-core/1.5.14/micrometer-core-1.5.14.jar:/home/raimundo/.m2/repository/org/hdrhistogram/HdrHistogram/2.1.12/HdrHistogram-2.1.12.jar:/home/raimundo/.m2/repository/org/latencyutils/LatencyUtils/2.0.3/LatencyUtils-2.0.3.jar:/home/raimundo/.m2/repository/org/springframework/social/spring-social-core/1.1.6.RELEASE/spring-social-core-1.1.6.RELEASE.jar:/home/raimundo/.m2/repository/org/springframework/social/spring-social-security/1.1.6.RELEASE/spring-social-security-1.1.6.RELEASE.jar:/home/raimundo/.m2/repository/org/springframework/social/spring-social-web/1.1.6.RELEASE/spring-social-web-1.1.6.RELEASE.jar:/home/raimundo/.m2/repository/javax/inject/javax.inject/1/javax.inject-1.jar:/home/raimundo/.m2/repository/org/springframework/social/spring-social-config/1.1.6.RELEASE/spring-social-config-1.1.6.RELEASE.jar:/home/raimundo/.m2/repository/org/springframework/social/spring-social-facebook/2.0.3.RELEASE/spring-social-facebook-2.0.3.RELEASE.jar:/home/raimundo/.m2/repository/com/fasterxml/jackson/core/jackson-core/2.11.4/jackson-core-2.11.4.jar:/home/raimundo/.m2/repository/com/fasterxml/jackson/core/jackson-databind/2.11.4/jackson-databind-2.11.4.jar:/home/raimundo/.m2/repository/com/fasterxml/jackson/core/jackson-annotations/2.11.4/jackson-annotations-2.11.4.jar:/home/raimundo/.m2/repository/org/springframework/social/spring-social-twitter/1.1.2.RELEASE/spring-social-twitter-1.1.2.RELEASE.jar:/home/raimundo/.m2/repository/org/springframework/security/spring-security-crypto/5.3.9.RELEASE/spring-security-crypto-5.3.9.RELEASE.jar:/home/raimundo/.m2/repository/org/springframework/social/spring-social-linkedin/1.0.2.RELEASE/spring-social-linkedin-1.0.2.RELEASE.jar:/home/raimundo/.m2/repository/org/springframework/social/spring-social-google/1.0.0.RELEASE/spring-social-google-1.0.0.RELEASE.jar:/home/raimundo/.m2/repository/io/jsonwebtoken/jjwt/0.9.0/jjwt-0.9.0.jar:/home/raimundo/.m2/repository/org/webjars/bootstrap/3.3.7-1/bootstrap-3.3.7-1.jar:/home/raimundo/.m2/repository/org/webjars/jquery/1.11.3/jquery-1.11.3.jar:/home/raimundo/.m2/repository/org/junit/jupiter/junit-jupiter-engine/5.6.3/junit-jupiter-engine-5.6.3.jar:/home/raimundo/.m2/repository/org/apiguardian/apiguardian-api/1.1.0/apiguardian-api-1.1.0.jar:/home/raimundo/.m2/repository/org/junit/platform/junit-platform-engine/1.6.3/junit-platform-engine-1.6.3.jar:/home/raimundo/.m2/repository/org/junit/jupiter/junit-jupiter-api/5.6.3/junit-jupiter-api-5.6.3.jar:/home/raimundo/.m2/repository/org/opentest4j/opentest4j/1.2.0/opentest4j-1.2.0.jar:/home/raimundo/.m2/repository/org/junit/platform/junit-platform-commons/1.6.3/junit-platform-commons-1.6.3.jar:/home/raimundo/.m2/repository/org/mockito/mockito-core/2.22.0/mockito-core-2.22.0.jar:/home/raimundo/.m2/repository/net/bytebuddy/byte-buddy-agent/1.10.22/byte-buddy-agent-1.10.22.jar:/home/raimundo/.m2/repository/org/spockframework/spock-core/1.2-groovy-2.4/spock-core-1.2-groovy-2.4.jar:/home/raimundo/.m2/repository/org/codehaus/groovy/groovy-all/2.4.15/groovy-all-2.4.15.jar:/home/raimundo/.m2/repository/net/bytebuddy/byte-buddy/1.8.21/byte-buddy-1.8.21.jar:/home/raimundo/.m2/repository/org/objenesis/objenesis/2.6/objenesis-2.6.jar:/home/raimundo/.m2/repository/org/hamcrest/hamcrest-core/1.3/hamcrest-core-1.3.jar:/home/raimundo/.m2/repository/org/jgroups/jgroups/4.0.17.Final/jgroups-4.0.17.Final.jar:/home/raimundo/.m2/repository/javax/mail/javax.mail-api/1.6.2/javax.mail-api-1.6.2.jar:/home/raimundo/.m2/repository/com/sun/mail/javax.mail/1.6.2/javax.mail-1.6.2.jar:/home/raimundo/.m2/repository/javax/activation/activation/1.1/activation-1.1.jar:/home/raimundo/.m2/repository/com/jayway/jsonpath/json-path/2.4.0/json-path-2.4.0.jar:/home/raimundo/.m2/repository/net/minidev/json-smart/2.3.1/json-smart-2.3.1.jar:/home/raimundo/.m2/repository/net/minidev/accessors-smart/2.3.1/accessors-smart-2.3.1.jar:/home/raimundo/.m2/repository/org/ow2/asm/asm/5.0.4/asm-5.0.4.jar:/home/raimundo/.m2/repository/javax/servlet/javax.servlet-api/4.0.1/javax.servlet-api-4.0.1.jar:/home/raimundo/.m2/repository/commons-lang/commons-lang/2.6/commons-lang-2.6.jar:/home/raimundo/.m2/repository/jaxen/jaxen/1.2.0/jaxen-1.2.0.jar:/home/raimundo/.m2/repository/org/jdom/jdom2/2.0.6/jdom2-2.0.6.jar:/home/raimundo/.m2/repository/commons-fileupload/commons-fileupload/1.3.3/commons-fileupload-1.3.3.jar:/home/raimundo/.m2/repository/commons-io/commons-io/2.7/commons-io-2.7.jar:/home/raimundo/.m2/repository/pt/ist/fenix-framework-core-api/2.8.0/fenix-framework-core-api-2.8.0.jar:/home/raimundo/.m2/repository/pt/ist/fenix-framework-core-dml/2.8.0/fenix-framework-core-dml-2.8.0.jar:/home/raimundo/.m2/repository/antlr/antlr/2.7.7/antlr-2.7.7.jar:/home/raimundo/.m2/repository/joda-time/joda-time/2.10.5/joda-time-2.10.5.jar:/home/raimundo/.m2/repository/com/google/code/gson/gson/2.8.7/gson-2.8.7.jar:/home/raimundo/.m2/repository/javax/transaction/jta/1.1/jta-1.1.jar:/home/raimundo/.m2/repository/pt/ist/esw/advice-runtime/1.9/advice-runtime-1.9.jar:/home/raimundo/.m2/repository/javax/xml/bind/jaxb-api/2.3.1/jaxb-api-2.3.1.jar:/home/raimundo/.m2/repository/javax/activation/javax.activation-api/1.2.0/javax.activation-api-1.2.0.jar:/home/raimundo/.m2/repository/pt/ist/fenix-framework-core-consistency-predicates/2.8.0/fenix-framework-core-consistency-predicates-2.8.0.jar:/home/raimundo/.m2/repository/jvstm/jvstm-fenix/1.4/jvstm-fenix-1.4.jar:/home/raimundo/.m2/repository/pt/ist/fenix-framework-core-adt-bplustree/2.8.0/fenix-framework-core-adt-bplustree-2.8.0.jar:/home/raimundo/.m2/repository/pt/ist/fenix-framework-backend-jvstm-ojb-runtime/2.8.0/fenix-framework-backend-jvstm-ojb-runtime-2.8.0.jar:/home/raimundo/.m2/repository/pt/ist/db-ojb/1.0.0-escaped/db-ojb-1.0.0-escaped.jar:/home/raimundo/.m2/repository/commons-pool/commons-pool/1.6/commons-pool-1.6.jar:/home/raimundo/.m2/repository/mysql/mysql-connector-java/5.1.49/mysql-connector-java-5.1.49.jar:/home/raimundo/.m2/repository/org/slf4j/slf4j-api/1.7.30/slf4j-api-1.7.30.jar:/home/raimundo/.m2/repository/ch/qos/logback/logback-classic/1.2.3/logback-classic-1.2.3.jar:/home/raimundo/.m2/repository/ch/qos/logback/logback-core/1.2.3/logback-core-1.2.3.jar:/home/raimundo/.m2/repository/cc/mallet/mallet/2.0.8/mallet-2.0.8.jar:/home/raimundo/.m2/repository/org/beanshell/bsh/2.0b4/bsh-2.0b4.jar:/home/raimundo/.m2/repository/jgrapht/jgrapht/0.6.0/jgrapht-0.6.0.jar:/home/raimundo/.m2/repository/net/sf/jwordnet/jwnl/1.4_rc3/jwnl-1.4_rc3.jar:/home/raimundo/.m2/repository/commons-logging/commons-logging/1.1.1/commons-logging-1.1.1.jar:/home/raimundo/.m2/repository/net/sf/trove4j/trove4j/2.0.2/trove4j-2.0.2.jar:/home/raimundo/.m2/repository/com/googlecode/matrix-toolkits-java/mtj/0.9.14/mtj-0.9.14.jar:/home/raimundo/.m2/repository/com/googlecode/netlib-java/netlib-java/0.9.3/netlib-java-0.9.3.jar:/home/raimundo/.m2/repository/net/sourceforge/f2j/arpack_combined_all/0.1/arpack_combined_all-0.1.jar:/home/raimundo/.m2/repository/org/jdom/jdom/1.1/jdom-1.1.jar:/home/raimundo/.m2/repository/org/apache/lucene/lucene-core/7.5.0/lucene-core-7.5.0.jar:/home/raimundo/.m2/repository/org/apache/lucene/lucene-analyzers-common/7.5.0/lucene-analyzers-common-7.5.0.jar:/home/raimundo/.m2/repository/org/apache/lucene/lucene-queryparser/7.5.0/lucene-queryparser-7.5.0.jar:/home/raimundo/.m2/repository/org/apache/lucene/lucene-queries/7.5.0/lucene-queries-7.5.0.jar:/home/raimundo/.m2/repository/org/apache/lucene/lucene-sandbox/7.5.0/lucene-sandbox-7.5.0.jar:/home/raimundo/.m2/repository/org/jblas/jblas/1.2.4/jblas-1.2.4.jar:"/>
    <property name="sun.cpu.endian" value="little"/>
    <property name="user.home" value="/home/raimundo"/>
    <property name="user.language" value="en"/>
    <property name="java.specification.vendor" value="Oracle Corporation"/>
    <property name="java.version.date" value="2021-10-19"/>
    <property name="java.home" value="/usr/lib/jvm/java-17-oracle"/>
    <property name="file.separator" value="/"/>
    <property name="basedir" value="/home/raimundo/Documents/thesis/edition/edition/edition-ldod"/>
    <property name="java.vm.compressedOopsMode" value="Zero based"/>
    <property name="line.separator" value="&#10;"/>
    <property name="java.specification.name" value="Java Platform API Specification"/>
    <property name="java.vm.specification.vendor" value="Oracle Corporation"/>
    <property name="surefire.real.class.path" value="/home/raimundo/Documents/thesis/edition/edition/edition-ldod/target/surefire/surefirebooter17444796946949596164.jar"/>
    <property name="sun.management.compiler" value="HotSpot 64-Bit Tiered Compilers"/>
    <property name="java.runtime.version" value="17.0.1+12-LTS-39"/>
    <property name="user.name" value="raimundo"/>
    <property name="path.separator" value=":"/>
    <property name="os.version" value="5.17.5-051705-generic"/>
    <property name="java.runtime.name" value="Java(TM) SE Runtime Environment"/>
    <property name="file.encoding" value="UTF-8"/>
    <property name="java.vm.name" value="Java HotSpot(TM) 64-Bit Server VM"/>
    <property name="localRepository" value="/home/raimundo/.m2/repository"/>
    <property name="java.vendor.url.bug" value="https://bugreport.java.com/bugreport/"/>
    <property name="java.io.tmpdir" value="/tmp"/>
    <property name="java.version" value="17.0.1"/>
    <property name="user.dir" value="/home/raimundo/Documents/thesis/edition/edition/edition-ldod"/>
    <property name="os.arch" value="amd64"/>
    <property name="java.vm.specification.name" value="Java Virtual Machine Specification"/>
    <property name="user.language.format" value="pt"/>
    <property name="native.encoding" value="UTF-8"/>
    <property name="java.library.path" value="/usr/java/packages/lib:/usr/lib64:/lib64:/lib:/usr/lib"/>
    <property name="java.vm.info" value="mixed mode, sharing"/>
    <property name="java.vendor" value="Oracle Corporation"/>
    <property name="java.vm.version" value="17.0.1+12-LTS-39"/>
    <property name="sun.io.unicode.encoding" value="UnicodeLittle"/>
    <property name="java.class.version" value="61.0"/>
  </properties>
  <testcase name="getSourcesTest" classname="pt.ist.socialsoftware.edition.ldod.performance.SourcePerformanceTest" time="0">
    <error message="Failed to load ApplicationContext" type="java.lang.IllegalStateException">java.lang.IllegalStateException: Failed to load ApplicationContext
Caused by: org.springframework.beans.factory.BeanDefinitionStoreException: Failed to parse configuration class [pt.ist.socialsoftware.edition.ldod.config.Application]; nested exception is java.io.FileNotFoundException: class path resource [specific.properties] cannot be opened because it does not exist
Caused by: java.io.FileNotFoundException: class path resource [specific.properties] cannot be opened because it does not exist
</error>
    <system-out><![CDATA[22:10:51.117 [main] INFO  o.s.b.t.c.SpringBootTestContextBootstrapper - Neither @ContextConfiguration nor @ContextHierarchy found for test class [pt.ist.socialsoftware.edition.ldod.performance.SourcePerformanceTest], using SpringBootContextLoader
22:10:51.128 [main] INFO  o.s.t.c.s.AbstractContextLoader - Could not detect default resource locations for test class [pt.ist.socialsoftware.edition.ldod.performance.SourcePerformanceTest]: no resource found for suffixes {-context.xml, Context.groovy}.
22:10:51.450 [main] INFO  o.s.b.t.c.SpringBootTestContextBootstrapper - Loaded default TestExecutionListener class names from location [META-INF/spring.factories]: [org.springframework.boot.test.mock.mockito.MockitoTestExecutionListener, org.springframework.boot.test.mock.mockito.ResetMocksTestExecutionListener, org.springframework.boot.test.autoconfigure.restdocs.RestDocsTestExecutionListener, org.springframework.boot.test.autoconfigure.web.client.MockRestServiceServerResetTestExecutionListener, org.springframework.boot.test.autoconfigure.web.servlet.MockMvcPrintOnlyOnFailureTestExecutionListener, org.springframework.boot.test.autoconfigure.web.servlet.WebDriverTestExecutionListener, org.springframework.boot.test.autoconfigure.webservices.client.MockWebServiceServerTestExecutionListener, org.springframework.test.context.web.ServletTestExecutionListener, org.springframework.test.context.support.DirtiesContextBeforeModesTestExecutionListener, org.springframework.test.context.support.DependencyInjectionTestExecutionListener, org.springframework.test.context.support.DirtiesContextTestExecutionListener, org.springframework.test.context.transaction.TransactionalTestExecutionListener, org.springframework.test.context.jdbc.SqlScriptsTestExecutionListener, org.springframework.test.context.event.EventPublishingTestExecutionListener, org.springframework.security.test.context.support.WithSecurityContextTestExecutionListener, org.springframework.security.test.context.support.ReactorContextTestExecutionListener]
22:10:51.513 [main] INFO  o.s.b.t.c.SpringBootTestContextBootstrapper - Using TestExecutionListeners: [org.springframework.test.context.web.ServletTestExecutionListener@16a09809, org.springframework.test.context.support.DirtiesContextBeforeModesTestExecutionListener@69a73867, org.springframework.boot.test.mock.mockito.MockitoTestExecutionListener@749d7c01, org.springframework.boot.test.autoconfigure.SpringBootDependencyInjectionTestExecutionListener@1d3a03fe, org.springframework.test.context.support.DirtiesContextTestExecutionListener@f48a080, org.springframework.test.context.transaction.TransactionalTestExecutionListener@5f7cd50e, org.springframework.test.context.jdbc.SqlScriptsTestExecutionListener@401ec794, org.springframework.test.context.event.EventPublishingTestExecutionListener@d76099a, org.springframework.security.test.context.support.WithSecurityContextTestExecutionListener@47f0f414, org.springframework.security.test.context.support.ReactorContextTestExecutionListener@7e1d8d41, org.springframework.boot.test.mock.mockito.ResetMocksTestExecutionListener@4809c771, org.springframework.boot.test.autoconfigure.restdocs.RestDocsTestExecutionListener@750e2d33, org.springframework.boot.test.autoconfigure.web.client.MockRestServiceServerResetTestExecutionListener@359e27d2, org.springframework.boot.test.autoconfigure.web.servlet.MockMvcPrintOnlyOnFailureTestExecutionListener@277bc3a5, org.springframework.boot.test.autoconfigure.web.servlet.WebDriverTestExecutionListener@214fba74, org.springframework.boot.test.autoconfigure.webservices.client.MockWebServiceServerTestExecutionListener@252c6cdb]

  .   ____          _            __ _ _
 /\\ / ___'_ __ _ _(_)_ __  __ _ \ \ \ \
( ( )\___ | '_ | '_| | '_ \/ _` | \ \ \ \
 \\/  ___)| |_)| | | | | || (_| |  ) ) ) )
  '  |____| .__|_| |_|_| |_\__, | / / / /
 =========|_|==============|___/=/_/_/_/
 :: Spring Boot ::       (v2.3.12.RELEASE)

22:10:51.979 [background-preinit] DEBUG org.jboss.logging - Logging Provider: org.jboss.logging.Log4j2LoggerProvider
22:10:51.982 [background-preinit] INFO  o.h.validator.internal.util.Version - HV000001: Hibernate Validator 6.1.7.Final
22:10:51.993 [background-preinit] DEBUG o.h.v.i.x.config.ValidationXmlParser - Trying to load META-INF/validation.xml for XML based Validator configuration.
22:10:51.993 [main] WARN  o.s.b.t.j.DuplicateJsonObjectContextCustomizerFactory$DuplicateJsonObjectContextCustomizer - 

Found multiple occurrences of org.json.JSONObject on the class path:

	jar:file:/home/raimundo/.m2/repository/org/json/json/20180813/json-20180813.jar!/org/json/JSONObject.class
	jar:file:/home/raimundo/.m2/repository/com/vaadin/external/google/android-json/0.0.20131108.vaadin1/android-json-0.0.20131108.vaadin1.jar!/org/json/JSONObject.class

You may wish to exclude one of them to ensure predictable runtime behavior

22:10:51.995 [background-preinit] DEBUG o.h.v.i.x.c.ResourceLoaderHelper - Trying to load META-INF/validation.xml via TCCL
22:10:51.996 [background-preinit] DEBUG o.h.v.i.x.c.ResourceLoaderHelper - Trying to load META-INF/validation.xml via Hibernate Validator's class loader
22:10:51.996 [background-preinit] DEBUG o.h.v.i.x.config.ValidationXmlParser - No META-INF/validation.xml found. Using annotation based configuration only.
22:10:52.005 [background-preinit] DEBUG o.h.v.i.e.r.TraversableResolvers - Cannot find javax.persistence.Persistence on classpath. Assuming non JPA 2 environment. All properties will per default be traversable.
22:10:52.024 [main] INFO  p.i.s.e.l.p.SourcePerformanceTest - Starting SourcePerformanceTest on raimundo-LT with PID 87939 (started by raimundo in /home/raimundo/Documents/thesis/edition/edition/edition-ldod)
22:10:52.024 [main] DEBUG p.i.s.e.l.p.SourcePerformanceTest - Running with Spring Boot v2.3.12.RELEASE, Spring v5.2.15.RELEASE
22:10:52.024 [main] INFO  p.i.s.e.l.p.SourcePerformanceTest - The following profiles are active: @activatedProperties@
22:10:52.057 [background-preinit] DEBUG o.h.v.m.ResourceBundleMessageInterpolator - Loaded expression factory via original TCCL
22:10:52.251 [main] WARN  o.s.w.c.s.GenericWebApplicationContext - Exception encountered during context initialization - cancelling refresh attempt: org.springframework.beans.factory.BeanDefinitionStoreException: Failed to parse configuration class [pt.ist.socialsoftware.edition.ldod.config.Application]; nested exception is java.io.FileNotFoundException: class path resource [specific.properties] cannot be opened because it does not exist
22:10:52.258 [background-preinit] DEBUG o.h.v.i.e.ValidatorFactoryConfigurationHelper - HV000252: Using org.hibernate.validator.internal.engine.DefaultPropertyNodeNameProvider as property node name provider.
22:10:52.269 [background-preinit] DEBUG o.h.v.i.e.ValidatorFactoryConfigurationHelper - HV000234: Using org.hibernate.validator.messageinterpolation.ResourceBundleMessageInterpolator as ValidatorFactory-scoped message interpolator.
22:10:52.269 [background-preinit] DEBUG o.h.v.i.e.ValidatorFactoryConfigurationHelper - HV000234: Using org.hibernate.validator.internal.engine.resolver.TraverseAllTraversableResolver as ValidatorFactory-scoped traversable resolver.
22:10:52.270 [background-preinit] DEBUG o.h.v.i.e.ValidatorFactoryConfigurationHelper - HV000234: Using org.hibernate.validator.internal.util.ExecutableParameterNameProvider as ValidatorFactory-scoped parameter name provider.
22:10:52.270 [background-preinit] DEBUG o.h.v.i.e.ValidatorFactoryConfigurationHelper - HV000234: Using org.hibernate.validator.internal.engine.DefaultClockProvider as ValidatorFactory-scoped clock provider.
22:10:52.270 [background-preinit] DEBUG o.h.v.i.e.ValidatorFactoryConfigurationHelper - HV000234: Using org.hibernate.validator.internal.engine.scripting.DefaultScriptEvaluatorFactory as ValidatorFactory-scoped script evaluator factory.
22:10:52.798 [main] ERROR o.s.boot.SpringApplication - Application run failed
org.springframework.beans.factory.BeanDefinitionStoreException: Failed to parse configuration class [pt.ist.socialsoftware.edition.ldod.config.Application]; nested exception is java.io.FileNotFoundException: class path resource [specific.properties] cannot be opened because it does not exist
	at org.springframework.context.annotation.ConfigurationClassParser.parse(ConfigurationClassParser.java:189)
	at org.springframework.context.annotation.ConfigurationClassPostProcessor.processConfigBeanDefinitions(ConfigurationClassPostProcessor.java:320)
	at org.springframework.context.annotation.ConfigurationClassPostProcessor.postProcessBeanDefinitionRegistry(ConfigurationClassPostProcessor.java:237)
	at org.springframework.context.support.PostProcessorRegistrationDelegate.invokeBeanDefinitionRegistryPostProcessors(PostProcessorRegistrationDelegate.java:280)
	at org.springframework.context.support.PostProcessorRegistrationDelegate.invokeBeanFactoryPostProcessors(PostProcessorRegistrationDelegate.java:96)
	at org.springframework.context.support.AbstractApplicationContext.invokeBeanFactoryPostProcessors(AbstractApplicationContext.java:707)
	at org.springframework.context.support.AbstractApplicationContext.refresh(AbstractApplicationContext.java:533)
	at org.springframework.boot.SpringApplication.refresh(SpringApplication.java:755)
	at org.springframework.boot.SpringApplication.refresh(SpringApplication.java:747)
	at org.springframework.boot.SpringApplication.refreshContext(SpringApplication.java:402)
	at org.springframework.boot.SpringApplication.run(SpringApplication.java:312)
	at org.springframework.boot.test.context.SpringBootContextLoader.loadContext(SpringBootContextLoader.java:120)
	at org.springframework.test.context.cache.DefaultCacheAwareContextLoaderDelegate.loadContextInternal(DefaultCacheAwareContextLoaderDelegate.java:99)
	at org.springframework.test.context.cache.DefaultCacheAwareContextLoaderDelegate.loadContext(DefaultCacheAwareContextLoaderDelegate.java:124)
	at org.springframework.test.context.support.DefaultTestContext.getApplicationContext(DefaultTestContext.java:123)
	at org.springframework.test.context.web.ServletTestExecutionListener.setUpRequestContextIfNecessary(ServletTestExecutionListener.java:190)
	at org.springframework.test.context.web.ServletTestExecutionListener.prepareTestInstance(ServletTestExecutionListener.java:132)
	at org.springframework.test.context.TestContextManager.prepareTestInstance(TestContextManager.java:244)
	at org.springframework.test.context.junit.jupiter.SpringExtension.postProcessTestInstance(SpringExtension.java:98)
	at org.junit.jupiter.engine.descriptor.ClassBasedTestDescriptor.lambda$invokeTestInstancePostProcessors$5(ClassBasedTestDescriptor.java:341)
	at org.junit.jupiter.engine.descriptor.ClassBasedTestDescriptor.executeAndMaskThrowable(ClassBasedTestDescriptor.java:346)
	at org.junit.jupiter.engine.descriptor.ClassBasedTestDescriptor.lambda$invokeTestInstancePostProcessors$6(ClassBasedTestDescriptor.java:341)
	at java.base/java.util.stream.ReferencePipeline$3$1.accept(ReferencePipeline.java:197)
	at java.base/java.util.stream.ReferencePipeline$2$1.accept(ReferencePipeline.java:179)
	at java.base/java.util.ArrayList$ArrayListSpliterator.forEachRemaining(ArrayList.java:1625)
	at java.base/java.util.stream.AbstractPipeline.copyInto(AbstractPipeline.java:509)
	at java.base/java.util.stream.AbstractPipeline.wrapAndCopyInto(AbstractPipeline.java:499)
	at java.base/java.util.stream.StreamSpliterators$WrappingSpliterator.forEachRemaining(StreamSpliterators.java:310)
	at java.base/java.util.stream.Streams$ConcatSpliterator.forEachRemaining(Streams.java:735)
	at java.base/java.util.stream.Streams$ConcatSpliterator.forEachRemaining(Streams.java:734)
	at java.base/java.util.stream.ReferencePipeline$Head.forEach(ReferencePipeline.java:762)
	at org.junit.jupiter.engine.descriptor.ClassBasedTestDescriptor.invokeTestInstancePostProcessors(ClassBasedTestDescriptor.java:340)
	at org.junit.jupiter.engine.descriptor.ClassBasedTestDescriptor.instantiateAndPostProcessTestInstance(ClassBasedTestDescriptor.java:263)
	at org.junit.jupiter.engine.descriptor.ClassBasedTestDescriptor.lambda$testInstancesProvider$2(ClassBasedTestDescriptor.java:256)
	at java.base/java.util.Optional.orElseGet(Optional.java:364)
	at org.junit.jupiter.engine.descriptor.ClassBasedTestDescriptor.lambda$testInstancesProvider$3(ClassBasedTestDescriptor.java:255)
	at org.junit.jupiter.engine.execution.TestInstancesProvider.getTestInstances(TestInstancesProvider.java:29)
	at org.junit.jupiter.engine.descriptor.TestMethodTestDescriptor.lambda$prepare$0(TestMethodTestDescriptor.java:108)
	at org.junit.platform.engine.support.hierarchical.ThrowableCollector.execute(ThrowableCollector.java:73)
	at org.junit.jupiter.engine.descriptor.TestMethodTestDescriptor.prepare(TestMethodTestDescriptor.java:107)
	at org.junit.jupiter.engine.descriptor.TestMethodTestDescriptor.prepare(TestMethodTestDescriptor.java:71)
	at org.junit.platform.engine.support.hierarchical.NodeTestTask.lambda$prepare$1(NodeTestTask.java:107)
	at org.junit.platform.engine.support.hierarchical.ThrowableCollector.execute(ThrowableCollector.java:73)
	at org.junit.platform.engine.support.hierarchical.NodeTestTask.prepare(NodeTestTask.java:107)
	at org.junit.platform.engine.support.hierarchical.NodeTestTask.execute(NodeTestTask.java:75)
	at java.base/java.util.ArrayList.forEach(ArrayList.java:1511)
	at org.junit.platform.engine.support.hierarchical.SameThreadHierarchicalTestExecutorService.invokeAll(SameThreadHierarchicalTestExecutorService.java:38)
	at org.junit.platform.engine.support.hierarchical.NodeTestTask.lambda$executeRecursively$5(NodeTestTask.java:139)
	at org.junit.platform.engine.support.hierarchical.ThrowableCollector.execute(ThrowableCollector.java:73)
	at org.junit.platform.engine.support.hierarchical.NodeTestTask.lambda$executeRecursively$7(NodeTestTask.java:125)
	at org.junit.platform.engine.support.hierarchical.Node.around(Node.java:135)
	at org.junit.platform.engine.support.hierarchical.NodeTestTask.lambda$executeRecursively$8(NodeTestTask.java:123)
	at org.junit.platform.engine.support.hierarchical.ThrowableCollector.execute(ThrowableCollector.java:73)
	at org.junit.platform.engine.support.hierarchical.NodeTestTask.executeRecursively(NodeTestTask.java:122)
	at org.junit.platform.engine.support.hierarchical.NodeTestTask.execute(NodeTestTask.java:80)
	at java.base/java.util.ArrayList.forEach(ArrayList.java:1511)
	at org.junit.platform.engine.support.hierarchical.SameThreadHierarchicalTestExecutorService.invokeAll(SameThreadHierarchicalTestExecutorService.java:38)
	at org.junit.platform.engine.support.hierarchical.NodeTestTask.lambda$executeRecursively$5(NodeTestTask.java:139)
	at org.junit.platform.engine.support.hierarchical.ThrowableCollector.execute(ThrowableCollector.java:73)
	at org.junit.platform.engine.support.hierarchical.NodeTestTask.lambda$executeRecursively$7(NodeTestTask.java:125)
	at org.junit.platform.engine.support.hierarchical.Node.around(Node.java:135)
	at org.junit.platform.engine.support.hierarchical.NodeTestTask.lambda$executeRecursively$8(NodeTestTask.java:123)
	at org.junit.platform.engine.support.hierarchical.ThrowableCollector.execute(ThrowableCollector.java:73)
	at org.junit.platform.engine.support.hierarchical.NodeTestTask.executeRecursively(NodeTestTask.java:122)
	at org.junit.platform.engine.support.hierarchical.NodeTestTask.execute(NodeTestTask.java:80)
	at org.junit.platform.engine.support.hierarchical.SameThreadHierarchicalTestExecutorService.submit(SameThreadHierarchicalTestExecutorService.java:32)
	at org.junit.platform.engine.support.hierarchical.HierarchicalTestExecutor.execute(HierarchicalTestExecutor.java:57)
	at org.junit.platform.engine.support.hierarchical.HierarchicalTestEngine.execute(HierarchicalTestEngine.java:51)
	at org.junit.platform.launcher.core.DefaultLauncher.execute(DefaultLauncher.java:220)
	at org.junit.platform.launcher.core.DefaultLauncher.lambda$execute$6(DefaultLauncher.java:188)
	at org.junit.platform.launcher.core.DefaultLauncher.withInterceptedStreams(DefaultLauncher.java:202)
	at org.junit.platform.launcher.core.DefaultLauncher.execute(DefaultLauncher.java:181)
	at org.junit.platform.launcher.core.DefaultLauncher.execute(DefaultLauncher.java:128)
	at org.apache.maven.surefire.junitplatform.JUnitPlatformProvider.invokeAllTests(JUnitPlatformProvider.java:150)
	at org.apache.maven.surefire.junitplatform.JUnitPlatformProvider.invoke(JUnitPlatformProvider.java:124)
	at org.apache.maven.surefire.booter.ForkedBooter.invokeProviderInSameClassLoader(ForkedBooter.java:384)
	at org.apache.maven.surefire.booter.ForkedBooter.runSuitesInProcess(ForkedBooter.java:345)
	at org.apache.maven.surefire.booter.ForkedBooter.execute(ForkedBooter.java:126)
	at org.apache.maven.surefire.booter.ForkedBooter.main(ForkedBooter.java:418)
Caused by: java.io.FileNotFoundException: class path resource [specific.properties] cannot be opened because it does not exist
	at org.springframework.core.io.ClassPathResource.getInputStream(ClassPathResource.java:187)
	at org.springframework.core.io.support.EncodedResource.getInputStream(EncodedResource.java:159)
	at org.springframework.core.io.support.PropertiesLoaderUtils.fillProperties(PropertiesLoaderUtils.java:99)
	at org.springframework.core.io.support.PropertiesLoaderUtils.fillProperties(PropertiesLoaderUtils.java:73)
	at org.springframework.core.io.support.PropertiesLoaderUtils.loadProperties(PropertiesLoaderUtils.java:59)
	at org.springframework.core.io.support.ResourcePropertySource.<init>(ResourcePropertySource.java:67)
	at org.springframework.core.io.support.DefaultPropertySourceFactory.createPropertySource(DefaultPropertySourceFactory.java:37)
	at org.springframework.context.annotation.ConfigurationClassParser.processPropertySource(ConfigurationClassParser.java:463)
	at org.springframework.context.annotation.ConfigurationClassParser.doProcessConfigurationClass(ConfigurationClassParser.java:280)
	at org.springframework.context.annotation.ConfigurationClassParser.processConfigurationClass(ConfigurationClassParser.java:250)
	at org.springframework.context.annotation.ConfigurationClassParser.parse(ConfigurationClassParser.java:207)
	at org.springframework.context.annotation.ConfigurationClassParser.parse(ConfigurationClassParser.java:175)
	... 78 common frames omitted
22:10:52.801 [main] ERROR o.s.test.context.TestContextManager - Caught exception while allowing TestExecutionListener [org.springframework.test.context.web.ServletTestExecutionListener@16a09809] to prepare test instance [pt.ist.socialsoftware.edition.ldod.performance.SourcePerformanceTest@2ba9ed19]
java.lang.IllegalStateException: Failed to load ApplicationContext
	at org.springframework.test.context.cache.DefaultCacheAwareContextLoaderDelegate.loadContext(DefaultCacheAwareContextLoaderDelegate.java:132)
	at org.springframework.test.context.support.DefaultTestContext.getApplicationContext(DefaultTestContext.java:123)
	at org.springframework.test.context.web.ServletTestExecutionListener.setUpRequestContextIfNecessary(ServletTestExecutionListener.java:190)
	at org.springframework.test.context.web.ServletTestExecutionListener.prepareTestInstance(ServletTestExecutionListener.java:132)
	at org.springframework.test.context.TestContextManager.prepareTestInstance(TestContextManager.java:244)
	at org.springframework.test.context.junit.jupiter.SpringExtension.postProcessTestInstance(SpringExtension.java:98)
	at org.junit.jupiter.engine.descriptor.ClassBasedTestDescriptor.lambda$invokeTestInstancePostProcessors$5(ClassBasedTestDescriptor.java:341)
	at org.junit.jupiter.engine.descriptor.ClassBasedTestDescriptor.executeAndMaskThrowable(ClassBasedTestDescriptor.java:346)
	at org.junit.jupiter.engine.descriptor.ClassBasedTestDescriptor.lambda$invokeTestInstancePostProcessors$6(ClassBasedTestDescriptor.java:341)
	at java.base/java.util.stream.ReferencePipeline$3$1.accept(ReferencePipeline.java:197)
	at java.base/java.util.stream.ReferencePipeline$2$1.accept(ReferencePipeline.java:179)
	at java.base/java.util.ArrayList$ArrayListSpliterator.forEachRemaining(ArrayList.java:1625)
	at java.base/java.util.stream.AbstractPipeline.copyInto(AbstractPipeline.java:509)
	at java.base/java.util.stream.AbstractPipeline.wrapAndCopyInto(AbstractPipeline.java:499)
	at java.base/java.util.stream.StreamSpliterators$WrappingSpliterator.forEachRemaining(StreamSpliterators.java:310)
	at java.base/java.util.stream.Streams$ConcatSpliterator.forEachRemaining(Streams.java:735)
	at java.base/java.util.stream.Streams$ConcatSpliterator.forEachRemaining(Streams.java:734)
	at java.base/java.util.stream.ReferencePipeline$Head.forEach(ReferencePipeline.java:762)
	at org.junit.jupiter.engine.descriptor.ClassBasedTestDescriptor.invokeTestInstancePostProcessors(ClassBasedTestDescriptor.java:340)
	at org.junit.jupiter.engine.descriptor.ClassBasedTestDescriptor.instantiateAndPostProcessTestInstance(ClassBasedTestDescriptor.java:263)
	at org.junit.jupiter.engine.descriptor.ClassBasedTestDescriptor.lambda$testInstancesProvider$2(ClassBasedTestDescriptor.java:256)
	at java.base/java.util.Optional.orElseGet(Optional.java:364)
	at org.junit.jupiter.engine.descriptor.ClassBasedTestDescriptor.lambda$testInstancesProvider$3(ClassBasedTestDescriptor.java:255)
	at org.junit.jupiter.engine.execution.TestInstancesProvider.getTestInstances(TestInstancesProvider.java:29)
	at org.junit.jupiter.engine.descriptor.TestMethodTestDescriptor.lambda$prepare$0(TestMethodTestDescriptor.java:108)
	at org.junit.platform.engine.support.hierarchical.ThrowableCollector.execute(ThrowableCollector.java:73)
	at org.junit.jupiter.engine.descriptor.TestMethodTestDescriptor.prepare(TestMethodTestDescriptor.java:107)
	at org.junit.jupiter.engine.descriptor.TestMethodTestDescriptor.prepare(TestMethodTestDescriptor.java:71)
	at org.junit.platform.engine.support.hierarchical.NodeTestTask.lambda$prepare$1(NodeTestTask.java:107)
	at org.junit.platform.engine.support.hierarchical.ThrowableCollector.execute(ThrowableCollector.java:73)
	at org.junit.platform.engine.support.hierarchical.NodeTestTask.prepare(NodeTestTask.java:107)
	at org.junit.platform.engine.support.hierarchical.NodeTestTask.execute(NodeTestTask.java:75)
	at java.base/java.util.ArrayList.forEach(ArrayList.java:1511)
	at org.junit.platform.engine.support.hierarchical.SameThreadHierarchicalTestExecutorService.invokeAll(SameThreadHierarchicalTestExecutorService.java:38)
	at org.junit.platform.engine.support.hierarchical.NodeTestTask.lambda$executeRecursively$5(NodeTestTask.java:139)
	at org.junit.platform.engine.support.hierarchical.ThrowableCollector.execute(ThrowableCollector.java:73)
	at org.junit.platform.engine.support.hierarchical.NodeTestTask.lambda$executeRecursively$7(NodeTestTask.java:125)
	at org.junit.platform.engine.support.hierarchical.Node.around(Node.java:135)
	at org.junit.platform.engine.support.hierarchical.NodeTestTask.lambda$executeRecursively$8(NodeTestTask.java:123)
	at org.junit.platform.engine.support.hierarchical.ThrowableCollector.execute(ThrowableCollector.java:73)
	at org.junit.platform.engine.support.hierarchical.NodeTestTask.executeRecursively(NodeTestTask.java:122)
	at org.junit.platform.engine.support.hierarchical.NodeTestTask.execute(NodeTestTask.java:80)
	at java.base/java.util.ArrayList.forEach(ArrayList.java:1511)
	at org.junit.platform.engine.support.hierarchical.SameThreadHierarchicalTestExecutorService.invokeAll(SameThreadHierarchicalTestExecutorService.java:38)
	at org.junit.platform.engine.support.hierarchical.NodeTestTask.lambda$executeRecursively$5(NodeTestTask.java:139)
	at org.junit.platform.engine.support.hierarchical.ThrowableCollector.execute(ThrowableCollector.java:73)
	at org.junit.platform.engine.support.hierarchical.NodeTestTask.lambda$executeRecursively$7(NodeTestTask.java:125)
	at org.junit.platform.engine.support.hierarchical.Node.around(Node.java:135)
	at org.junit.platform.engine.support.hierarchical.NodeTestTask.lambda$executeRecursively$8(NodeTestTask.java:123)
	at org.junit.platform.engine.support.hierarchical.ThrowableCollector.execute(ThrowableCollector.java:73)
	at org.junit.platform.engine.support.hierarchical.NodeTestTask.executeRecursively(NodeTestTask.java:122)
	at org.junit.platform.engine.support.hierarchical.NodeTestTask.execute(NodeTestTask.java:80)
	at org.junit.platform.engine.support.hierarchical.SameThreadHierarchicalTestExecutorService.submit(SameThreadHierarchicalTestExecutorService.java:32)
	at org.junit.platform.engine.support.hierarchical.HierarchicalTestExecutor.execute(HierarchicalTestExecutor.java:57)
	at org.junit.platform.engine.support.hierarchical.HierarchicalTestEngine.execute(HierarchicalTestEngine.java:51)
	at org.junit.platform.launcher.core.DefaultLauncher.execute(DefaultLauncher.java:220)
	at org.junit.platform.launcher.core.DefaultLauncher.lambda$execute$6(DefaultLauncher.java:188)
	at org.junit.platform.launcher.core.DefaultLauncher.withInterceptedStreams(DefaultLauncher.java:202)
	at org.junit.platform.launcher.core.DefaultLauncher.execute(DefaultLauncher.java:181)
	at org.junit.platform.launcher.core.DefaultLauncher.execute(DefaultLauncher.java:128)
	at org.apache.maven.surefire.junitplatform.JUnitPlatformProvider.invokeAllTests(JUnitPlatformProvider.java:150)
	at org.apache.maven.surefire.junitplatform.JUnitPlatformProvider.invoke(JUnitPlatformProvider.java:124)
	at org.apache.maven.surefire.booter.ForkedBooter.invokeProviderInSameClassLoader(ForkedBooter.java:384)
	at org.apache.maven.surefire.booter.ForkedBooter.runSuitesInProcess(ForkedBooter.java:345)
	at org.apache.maven.surefire.booter.ForkedBooter.execute(ForkedBooter.java:126)
	at org.apache.maven.surefire.booter.ForkedBooter.main(ForkedBooter.java:418)
Caused by: org.springframework.beans.factory.BeanDefinitionStoreException: Failed to parse configuration class [pt.ist.socialsoftware.edition.ldod.config.Application]; nested exception is java.io.FileNotFoundException: class path resource [specific.properties] cannot be opened because it does not exist
	at org.springframework.context.annotation.ConfigurationClassParser.parse(ConfigurationClassParser.java:189)
	at org.springframework.context.annotation.ConfigurationClassPostProcessor.processConfigBeanDefinitions(ConfigurationClassPostProcessor.java:320)
	at org.springframework.context.annotation.ConfigurationClassPostProcessor.postProcessBeanDefinitionRegistry(ConfigurationClassPostProcessor.java:237)
	at org.springframework.context.support.PostProcessorRegistrationDelegate.invokeBeanDefinitionRegistryPostProcessors(PostProcessorRegistrationDelegate.java:280)
	at org.springframework.context.support.PostProcessorRegistrationDelegate.invokeBeanFactoryPostProcessors(PostProcessorRegistrationDelegate.java:96)
	at org.springframework.context.support.AbstractApplicationContext.invokeBeanFactoryPostProcessors(AbstractApplicationContext.java:707)
	at org.springframework.context.support.AbstractApplicationContext.refresh(AbstractApplicationContext.java:533)
	at org.springframework.boot.SpringApplication.refresh(SpringApplication.java:755)
	at org.springframework.boot.SpringApplication.refresh(SpringApplication.java:747)
	at org.springframework.boot.SpringApplication.refreshContext(SpringApplication.java:402)
	at org.springframework.boot.SpringApplication.run(SpringApplication.java:312)
	at org.springframework.boot.test.context.SpringBootContextLoader.loadContext(SpringBootContextLoader.java:120)
	at org.springframework.test.context.cache.DefaultCacheAwareContextLoaderDelegate.loadContextInternal(DefaultCacheAwareContextLoaderDelegate.java:99)
	at org.springframework.test.context.cache.DefaultCacheAwareContextLoaderDelegate.loadContext(DefaultCacheAwareContextLoaderDelegate.java:124)
	... 65 common frames omitted
Caused by: java.io.FileNotFoundException: class path resource [specific.properties] cannot be opened because it does not exist
	at org.springframework.core.io.ClassPathResource.getInputStream(ClassPathResource.java:187)
	at org.springframework.core.io.support.EncodedResource.getInputStream(EncodedResource.java:159)
	at org.springframework.core.io.support.PropertiesLoaderUtils.fillProperties(PropertiesLoaderUtils.java:99)
	at org.springframework.core.io.support.PropertiesLoaderUtils.fillProperties(PropertiesLoaderUtils.java:73)
	at org.springframework.core.io.support.PropertiesLoaderUtils.loadProperties(PropertiesLoaderUtils.java:59)
	at org.springframework.core.io.support.ResourcePropertySource.<init>(ResourcePropertySource.java:67)
	at org.springframework.core.io.support.DefaultPropertySourceFactory.createPropertySource(DefaultPropertySourceFactory.java:37)
	at org.springframework.context.annotation.ConfigurationClassParser.processPropertySource(ConfigurationClassParser.java:463)
	at org.springframework.context.annotation.ConfigurationClassParser.doProcessConfigurationClass(ConfigurationClassParser.java:280)
	at org.springframework.context.annotation.ConfigurationClassParser.processConfigurationClass(ConfigurationClassParser.java:250)
	at org.springframework.context.annotation.ConfigurationClassParser.parse(ConfigurationClassParser.java:207)
	at org.springframework.context.annotation.ConfigurationClassParser.parse(ConfigurationClassParser.java:175)
	... 78 common frames omitted
]]></system-out>
  </testcase>
</testsuite>